{
  "stats": {
    "suites": 5,
    "tests": 19,
    "passes": 18,
    "pending": 0,
    "failures": 1,
    "start": "2024-07-11T20:00:27.559Z",
    "end": "2024-07-11T20:00:27.911Z",
    "duration": 352,
    "testsRegistered": 19,
    "passPercent": 94.73684210526315,
    "pendingPercent": 0,
    "other": 0,
    "hasOther": false,
    "skipped": 0,
    "hasSkipped": false
  },
  "results": [
    {
      "uuid": "b1e3c111-dbc0-4bbd-bfb0-857e828768de",
      "title": "",
      "fullFile": "",
      "file": "",
      "beforeHooks": [],
      "afterHooks": [
        {
          "title": "\"after all\" hook",
          "fullTitle": "\"after all\" hook",
          "timedOut": false,
          "duration": 0,
          "state": null,
          "speed": null,
          "pass": false,
          "fail": false,
          "pending": false,
          "context": null,
          "code": "process.env.NODE_ENV = 'test';",
          "err": {},
          "uuid": "e36e4208-656d-43a9-a271-3c81080913da",
          "parentUUID": "b1e3c111-dbc0-4bbd-bfb0-857e828768de",
          "isHook": true,
          "skipped": false
        },
        {
          "title": "\"after all\" hook",
          "fullTitle": "\"after all\" hook",
          "timedOut": false,
          "duration": 0,
          "state": null,
          "speed": null,
          "pass": false,
          "fail": false,
          "pending": false,
          "context": null,
          "code": "process.env.NODE_ENV = 'test';",
          "err": {},
          "uuid": "5be97281-e4c7-4ba5-adf0-930f431e7d48",
          "parentUUID": "b1e3c111-dbc0-4bbd-bfb0-857e828768de",
          "isHook": true,
          "skipped": false
        }
      ],
      "tests": [],
      "suites": [
        {
          "uuid": "f4c105cb-cac6-4572-8157-04722f901bb5",
          "title": "API Routes",
          "fullFile": "D:\\mock-user-auth\\test\\auth.spec.js",
          "file": "\\test\\auth.spec.js",
          "beforeHooks": [
            {
              "title": "\"before all\" hook",
              "fullTitle": "API Routes \"before all\" hook",
              "timedOut": false,
              "duration": 107,
              "state": null,
              "speed": null,
              "pass": false,
              "fail": false,
              "pending": false,
              "context": null,
              "code": "var t = this, e = arguments; return new Promise(function (r, o) { var a = n.apply(t, e); function _next(n) { asyncGeneratorStep(a, r, o, _next, _throw, \"next\", n); } function _throw(n) { asyncGeneratorStep(a, r, o, _next, _throw, \"throw\", n); } _next(void 0); });",
              "err": {},
              "uuid": "94d14a7b-d03a-4a34-bad6-c445b8cb225c",
              "parentUUID": "f4c105cb-cac6-4572-8157-04722f901bb5",
              "isHook": true,
              "skipped": false
            }
          ],
          "afterHooks": [],
          "tests": [
            {
              "title": "should authenticate a user",
              "fullTitle": "API Routes should authenticate a user",
              "timedOut": false,
              "duration": 14,
              "state": "passed",
              "speed": "fast",
              "pass": true,
              "fail": false,
              "pending": false,
              "context": null,
              "code": "var t = this, e = arguments; return new Promise(function (r, o) { var a = n.apply(t, e); function _next(n) { asyncGeneratorStep(a, r, o, _next, _throw, \"next\", n); } function _throw(n) { asyncGeneratorStep(a, r, o, _next, _throw, \"throw\", n); } _next(void 0); });",
              "err": {},
              "uuid": "55352028-6621-4683-b331-1e96a7afd0f1",
              "parentUUID": "f4c105cb-cac6-4572-8157-04722f901bb5",
              "isHook": false,
              "skipped": false
            },
            {
              "title": "should fail to authenticate a user with incorrect credentials",
              "fullTitle": "API Routes should fail to authenticate a user with incorrect credentials",
              "timedOut": false,
              "duration": 9,
              "state": "passed",
              "speed": "fast",
              "pass": true,
              "fail": false,
              "pending": false,
              "context": null,
              "code": "var t = this, e = arguments; return new Promise(function (r, o) { var a = n.apply(t, e); function _next(n) { asyncGeneratorStep(a, r, o, _next, _throw, \"next\", n); } function _throw(n) { asyncGeneratorStep(a, r, o, _next, _throw, \"throw\", n); } _next(void 0); });",
              "err": {},
              "uuid": "d15006b4-db11-4cb8-b364-6e82443d9716",
              "parentUUID": "f4c105cb-cac6-4572-8157-04722f901bb5",
              "isHook": false,
              "skipped": false
            },
            {
              "title": "should register a new user",
              "fullTitle": "API Routes should register a new user",
              "timedOut": false,
              "duration": 8,
              "state": "passed",
              "speed": "fast",
              "pass": true,
              "fail": false,
              "pending": false,
              "context": null,
              "code": "var t = this, e = arguments; return new Promise(function (r, o) { var a = n.apply(t, e); function _next(n) { asyncGeneratorStep(a, r, o, _next, _throw, \"next\", n); } function _throw(n) { asyncGeneratorStep(a, r, o, _next, _throw, \"throw\", n); } _next(void 0); });",
              "err": {},
              "uuid": "e036cd25-dc21-499c-9c6c-1401f4b6f5d0",
              "parentUUID": "f4c105cb-cac6-4572-8157-04722f901bb5",
              "isHook": false,
              "skipped": false
            },
            {
              "title": "should fail to register an existing user",
              "fullTitle": "API Routes should fail to register an existing user",
              "timedOut": false,
              "duration": 7,
              "state": "passed",
              "speed": "fast",
              "pass": true,
              "fail": false,
              "pending": false,
              "context": null,
              "code": "var t = this, e = arguments; return new Promise(function (r, o) { var a = n.apply(t, e); function _next(n) { asyncGeneratorStep(a, r, o, _next, _throw, \"next\", n); } function _throw(n) { asyncGeneratorStep(a, r, o, _next, _throw, \"throw\", n); } _next(void 0); });",
              "err": {},
              "uuid": "3fdb465d-dae8-44c5-b38a-75d1e2a02a10",
              "parentUUID": "f4c105cb-cac6-4572-8157-04722f901bb5",
              "isHook": false,
              "skipped": false
            },
            {
              "title": "should get user data",
              "fullTitle": "API Routes should get user data",
              "timedOut": false,
              "duration": 14,
              "state": "passed",
              "speed": "fast",
              "pass": true,
              "fail": false,
              "pending": false,
              "context": null,
              "code": "var t = this, e = arguments; return new Promise(function (r, o) { var a = n.apply(t, e); function _next(n) { asyncGeneratorStep(a, r, o, _next, _throw, \"next\", n); } function _throw(n) { asyncGeneratorStep(a, r, o, _next, _throw, \"throw\", n); } _next(void 0); });",
              "err": {},
              "uuid": "a921e47a-5311-4f06-836c-3e84c6addfe0",
              "parentUUID": "f4c105cb-cac6-4572-8157-04722f901bb5",
              "isHook": false,
              "skipped": false
            },
            {
              "title": "should fail to get user data with invalid token",
              "fullTitle": "API Routes should fail to get user data with invalid token",
              "timedOut": false,
              "duration": 6,
              "state": "passed",
              "speed": "fast",
              "pass": true,
              "fail": false,
              "pending": false,
              "context": null,
              "code": "var t = this, e = arguments; return new Promise(function (r, o) { var a = n.apply(t, e); function _next(n) { asyncGeneratorStep(a, r, o, _next, _throw, \"next\", n); } function _throw(n) { asyncGeneratorStep(a, r, o, _next, _throw, \"throw\", n); } _next(void 0); });",
              "err": {},
              "uuid": "bd1d3270-075f-456f-8df0-81d81dfabb96",
              "parentUUID": "f4c105cb-cac6-4572-8157-04722f901bb5",
              "isHook": false,
              "skipped": false
            },
            {
              "title": "should update user data",
              "fullTitle": "API Routes should update user data",
              "timedOut": false,
              "duration": 14,
              "state": "passed",
              "speed": "fast",
              "pass": true,
              "fail": false,
              "pending": false,
              "context": null,
              "code": "var t = this, e = arguments; return new Promise(function (r, o) { var a = n.apply(t, e); function _next(n) { asyncGeneratorStep(a, r, o, _next, _throw, \"next\", n); } function _throw(n) { asyncGeneratorStep(a, r, o, _next, _throw, \"throw\", n); } _next(void 0); });",
              "err": {},
              "uuid": "d43fe501-84d9-46fc-81be-2b72dbfd36ad",
              "parentUUID": "f4c105cb-cac6-4572-8157-04722f901bb5",
              "isHook": false,
              "skipped": false
            },
            {
              "title": "should delete a user",
              "fullTitle": "API Routes should delete a user",
              "timedOut": false,
              "duration": 33,
              "state": "failed",
              "speed": null,
              "pass": false,
              "fail": true,
              "pending": false,
              "context": null,
              "code": "var t = this, e = arguments; return new Promise(function (r, o) { var a = n.apply(t, e); function _next(n) { asyncGeneratorStep(a, r, o, _next, _throw, \"next\", n); } function _throw(n) { asyncGeneratorStep(a, r, o, _next, _throw, \"throw\", n); } _next(void 0); });",
              "err": {
                "message": "AssertionError: expected 500 to equal 200",
                "estack": "AssertionError: expected 500 to equal 200\n    at call (test\\/auth.spec.js:118:32)\n    at tryCatch (test\\/auth.spec.js:2:1)\n    at Generator._invoke (test\\/auth.spec.js:2:1)\n    at Generator.next (test\\/auth.spec.js:2:1)\n    at asyncGeneratorStep (test\\/auth.spec.js:2:1)\n    at _next (test\\/auth.spec.js:2:1)\n    at processTicksAndRejections (internal/process/task_queues.js:86:5)",
                "diff": "- 500\n+ 200\n"
              },
              "uuid": "ad067f23-dd23-4a07-abbc-0a5377d6a970",
              "parentUUID": "f4c105cb-cac6-4572-8157-04722f901bb5",
              "isHook": false,
              "skipped": false
            },
            {
              "title": "should fail to delete a user with invalid token",
              "fullTitle": "API Routes should fail to delete a user with invalid token",
              "timedOut": false,
              "duration": 4,
              "state": "passed",
              "speed": "fast",
              "pass": true,
              "fail": false,
              "pending": false,
              "context": null,
              "code": "var t = this, e = arguments; return new Promise(function (r, o) { var a = n.apply(t, e); function _next(n) { asyncGeneratorStep(a, r, o, _next, _throw, \"next\", n); } function _throw(n) { asyncGeneratorStep(a, r, o, _next, _throw, \"throw\", n); } _next(void 0); });",
              "err": {},
              "uuid": "31726c19-eef8-4400-8db8-72042304321e",
              "parentUUID": "f4c105cb-cac6-4572-8157-04722f901bb5",
              "isHook": false,
              "skipped": false
            },
            {
              "title": "should delete all users with correct admin key",
              "fullTitle": "API Routes should delete all users with correct admin key",
              "timedOut": false,
              "duration": 7,
              "state": "passed",
              "speed": "fast",
              "pass": true,
              "fail": false,
              "pending": false,
              "context": null,
              "code": "var t = this, e = arguments; return new Promise(function (r, o) { var a = n.apply(t, e); function _next(n) { asyncGeneratorStep(a, r, o, _next, _throw, \"next\", n); } function _throw(n) { asyncGeneratorStep(a, r, o, _next, _throw, \"throw\", n); } _next(void 0); });",
              "err": {},
              "uuid": "1c56e54b-30ff-4fb6-87f2-824c89a3bd7d",
              "parentUUID": "f4c105cb-cac6-4572-8157-04722f901bb5",
              "isHook": false,
              "skipped": false
            },
            {
              "title": "should fail to delete all users with incorrect admin key",
              "fullTitle": "API Routes should fail to delete all users with incorrect admin key",
              "timedOut": false,
              "duration": 5,
              "state": "passed",
              "speed": "fast",
              "pass": true,
              "fail": false,
              "pending": false,
              "context": null,
              "code": "var t = this, e = arguments; return new Promise(function (r, o) { var a = n.apply(t, e); function _next(n) { asyncGeneratorStep(a, r, o, _next, _throw, \"next\", n); } function _throw(n) { asyncGeneratorStep(a, r, o, _next, _throw, \"throw\", n); } _next(void 0); });",
              "err": {},
              "uuid": "5d4f2012-fd38-4fea-9922-ef0def7e1598",
              "parentUUID": "f4c105cb-cac6-4572-8157-04722f901bb5",
              "isHook": false,
              "skipped": false
            }
          ],
          "suites": [],
          "passes": [
            "55352028-6621-4683-b331-1e96a7afd0f1",
            "d15006b4-db11-4cb8-b364-6e82443d9716",
            "e036cd25-dc21-499c-9c6c-1401f4b6f5d0",
            "3fdb465d-dae8-44c5-b38a-75d1e2a02a10",
            "a921e47a-5311-4f06-836c-3e84c6addfe0",
            "bd1d3270-075f-456f-8df0-81d81dfabb96",
            "d43fe501-84d9-46fc-81be-2b72dbfd36ad",
            "31726c19-eef8-4400-8db8-72042304321e",
            "1c56e54b-30ff-4fb6-87f2-824c89a3bd7d",
            "5d4f2012-fd38-4fea-9922-ef0def7e1598"
          ],
          "failures": [
            "ad067f23-dd23-4a07-abbc-0a5377d6a970"
          ],
          "pending": [],
          "skipped": [],
          "duration": 121,
          "root": false,
          "rootEmpty": false,
          "_timeout": 2000
        },
        {
          "uuid": "40861e39-e9cc-4987-a3a7-a1fda33b1d0e",
          "title": "Cors middleware",
          "fullFile": "D:\\mock-user-auth\\test\\cors.spec.js",
          "file": "\\test\\cors.spec.js",
          "beforeHooks": [],
          "afterHooks": [],
          "tests": [
            {
              "title": "It should return 200",
              "fullTitle": "Cors middleware It should return 200",
              "timedOut": false,
              "duration": 2,
              "state": "passed",
              "speed": "fast",
              "pass": true,
              "fail": false,
              "pending": false,
              "context": null,
              "code": "_chai[\"default\"].request(_www.server).options('/api/v1/').end(function (err, res) {\n  expect(res.statusCode).to.equal(200);\n});",
              "err": {},
              "uuid": "4ad365ad-19c8-4864-bddf-e9d9b3cb55b8",
              "parentUUID": "40861e39-e9cc-4987-a3a7-a1fda33b1d0e",
              "isHook": false,
              "skipped": false
            },
            {
              "title": "It should pass request",
              "fullTitle": "Cors middleware It should pass request",
              "timedOut": false,
              "duration": 2,
              "state": "passed",
              "speed": "fast",
              "pass": true,
              "fail": false,
              "pending": false,
              "context": null,
              "code": "_chai[\"default\"].request(_www.server).get('/api/v1/').end(function (err, res) {\n  expect(res.statusCode).to.equal(404);\n});",
              "err": {},
              "uuid": "57d17ba1-4839-4255-94d0-65513bde2e0f",
              "parentUUID": "40861e39-e9cc-4987-a3a7-a1fda33b1d0e",
              "isHook": false,
              "skipped": false
            }
          ],
          "suites": [],
          "passes": [
            "4ad365ad-19c8-4864-bddf-e9d9b3cb55b8",
            "57d17ba1-4839-4255-94d0-65513bde2e0f"
          ],
          "failures": [],
          "pending": [],
          "skipped": [],
          "duration": 4,
          "root": false,
          "rootEmpty": false,
          "_timeout": 2000
        },
        {
          "uuid": "f6849615-865b-4be2-b199-771cccdb6ef1",
          "title": "WWW server",
          "fullFile": "D:\\mock-user-auth\\test\\www.spec.js",
          "file": "\\test\\www.spec.js",
          "beforeHooks": [],
          "afterHooks": [],
          "tests": [],
          "suites": [
            {
              "uuid": "dd5fcd32-a928-4a34-bfbe-8c2868b792d7",
              "title": "NormalizePort Function",
              "fullFile": "D:\\mock-user-auth\\test\\www.spec.js",
              "file": "\\test\\www.spec.js",
              "beforeHooks": [],
              "afterHooks": [],
              "tests": [
                {
                  "title": "It should return 3001 port",
                  "fullTitle": "WWW server NormalizePort Function It should return 3001 port",
                  "timedOut": false,
                  "duration": 1,
                  "state": "passed",
                  "speed": "fast",
                  "pass": true,
                  "fail": false,
                  "pending": false,
                  "context": null,
                  "code": "var port = (0, _www.normalizePort)();\nexpect(port).to.be.a('number');\nexpect(port).to.equal(3001);",
                  "err": {},
                  "uuid": "f5b5f3cd-ad7c-433c-96fc-72307cb45096",
                  "parentUUID": "dd5fcd32-a928-4a34-bfbe-8c2868b792d7",
                  "isHook": false,
                  "skipped": false
                },
                {
                  "title": "It should return false",
                  "fullTitle": "WWW server NormalizePort Function It should return false",
                  "timedOut": false,
                  "duration": 0,
                  "state": "passed",
                  "speed": "fast",
                  "pass": true,
                  "fail": false,
                  "pending": false,
                  "context": null,
                  "code": "process.env.NODE_ENV = 'default';\nvar port = (0, _www.normalizePort)(-3001);\nexpect(port).to.equal(false);",
                  "err": {},
                  "uuid": "4861ac64-0399-4652-ac5a-e2761000ef2a",
                  "parentUUID": "dd5fcd32-a928-4a34-bfbe-8c2868b792d7",
                  "isHook": false,
                  "skipped": false
                },
                {
                  "title": "It should return number",
                  "fullTitle": "WWW server NormalizePort Function It should return number",
                  "timedOut": false,
                  "duration": 0,
                  "state": "passed",
                  "speed": "fast",
                  "pass": true,
                  "fail": false,
                  "pending": false,
                  "context": null,
                  "code": "after(function () {\n  process.env.NODE_ENV = 'test';\n});\nprocess.env.NODE_ENV = 'default';\nvar port = (0, _www.normalizePort)('4500');\nexpect(port).to.be.a('number');\nexpect(port).to.equal(4500);",
                  "err": {},
                  "uuid": "7c031bf5-181a-45c5-8b4e-69df241a4ab9",
                  "parentUUID": "dd5fcd32-a928-4a34-bfbe-8c2868b792d7",
                  "isHook": false,
                  "skipped": false
                },
                {
                  "title": "It should return isNaN",
                  "fullTitle": "WWW server NormalizePort Function It should return isNaN",
                  "timedOut": false,
                  "duration": 0,
                  "state": "passed",
                  "speed": "fast",
                  "pass": true,
                  "fail": false,
                  "pending": false,
                  "context": null,
                  "code": "after(function () {\n  process.env.NODE_ENV = 'test';\n});\nprocess.env.NODE_ENV = 'default';\nvar port = (0, _www.normalizePort)('isNaN');\nexpect(port).not.be.a('number');\nexpect(port).to.equal('isNaN');",
                  "err": {},
                  "uuid": "9e813661-cd55-48d9-8214-77c55da1f49b",
                  "parentUUID": "dd5fcd32-a928-4a34-bfbe-8c2868b792d7",
                  "isHook": false,
                  "skipped": false
                }
              ],
              "suites": [],
              "passes": [
                "f5b5f3cd-ad7c-433c-96fc-72307cb45096",
                "4861ac64-0399-4652-ac5a-e2761000ef2a",
                "7c031bf5-181a-45c5-8b4e-69df241a4ab9",
                "9e813661-cd55-48d9-8214-77c55da1f49b"
              ],
              "failures": [],
              "pending": [],
              "skipped": [],
              "duration": 1,
              "root": false,
              "rootEmpty": false,
              "_timeout": 2000
            },
            {
              "uuid": "7e9e9aad-f8c6-4f11-b62c-b37faa839011",
              "title": "OnError Function",
              "fullFile": "D:\\mock-user-auth\\test\\www.spec.js",
              "file": "\\test\\www.spec.js",
              "beforeHooks": [],
              "afterHooks": [],
              "tests": [
                {
                  "title": "It should throw exception",
                  "fullTitle": "WWW server OnError Function It should throw exception",
                  "timedOut": false,
                  "duration": 0,
                  "state": "passed",
                  "speed": "fast",
                  "pass": true,
                  "fail": false,
                  "pending": false,
                  "context": null,
                  "code": "try {\n  expect((0, _www.onError)({\n    syscall: 'isNotSyscall'\n  })).to[\"throw\"]();\n} catch (err) {\n  expect(err).to.be.a('Object');\n  expect(err.syscall).to.equal('isNotSyscall');\n}",
                  "err": {},
                  "uuid": "86cea357-6db5-4b98-81de-0c224aea5487",
                  "parentUUID": "7e9e9aad-f8c6-4f11-b62c-b37faa839011",
                  "isHook": false,
                  "skipped": false
                },
                {
                  "title": "It should catch default error",
                  "fullTitle": "WWW server OnError Function It should catch default error",
                  "timedOut": false,
                  "duration": 0,
                  "state": "passed",
                  "speed": "fast",
                  "pass": true,
                  "fail": false,
                  "pending": false,
                  "context": null,
                  "code": "try {\n  expect((0, _www.onError)({\n    syscall: 'listen',\n    code: 'Default'\n  })).to[\"throw\"]();\n} catch (err) {\n  expect(err).to.be.a('Object');\n  expect(err.code).to.equal('Default');\n}",
                  "err": {},
                  "uuid": "f5a48263-77f4-4236-8a58-5fc772a6496b",
                  "parentUUID": "7e9e9aad-f8c6-4f11-b62c-b37faa839011",
                  "isHook": false,
                  "skipped": false
                }
              ],
              "suites": [],
              "passes": [
                "86cea357-6db5-4b98-81de-0c224aea5487",
                "f5a48263-77f4-4236-8a58-5fc772a6496b"
              ],
              "failures": [],
              "pending": [],
              "skipped": [],
              "duration": 0,
              "root": false,
              "rootEmpty": false,
              "_timeout": 2000
            }
          ],
          "passes": [],
          "failures": [],
          "pending": [],
          "skipped": [],
          "duration": 0,
          "root": false,
          "rootEmpty": false,
          "_timeout": 2000
        }
      ],
      "passes": [],
      "failures": [],
      "pending": [],
      "skipped": [],
      "duration": 0,
      "root": true,
      "rootEmpty": true,
      "_timeout": 2000
    }
  ],
  "meta": {
    "mocha": {
      "version": "6.1.2"
    },
    "mochawesome": {
      "options": {
        "quiet": true,
        "reportFilename": "mochawesome",
        "saveHtml": true,
        "saveJson": true,
        "consoleReporter": "spec",
        "useInlineDiffs": false,
        "code": true
      },
      "version": "7.1.3"
    },
    "marge": {
      "options": {
        "id": "default",
        "reportDir": "reports",
        "reportFilename": "mochawesome",
        "quiet": true,
        "overwrite": false,
        "html": true,
        "json": true
      },
      "version": "6.2.0"
    }
  }
}