{
  "stats": {
    "suites": 5,
    "tests": 19,
    "passes": 17,
    "pending": 0,
    "failures": 2,
    "start": "2024-07-11T20:38:37.331Z",
    "end": "2024-07-11T20:38:37.895Z",
    "duration": 564,
    "testsRegistered": 19,
    "passPercent": 89.47368421052632,
    "pendingPercent": 0,
    "other": 0,
    "hasOther": false,
    "skipped": 0,
    "hasSkipped": false
  },
  "results": [
    {
      "uuid": "45d007fe-d709-45b2-b960-0c3a1d07e270",
      "title": "",
      "fullFile": "",
      "file": "",
      "beforeHooks": [],
      "afterHooks": [
        {
          "title": "\"after all\" hook",
          "fullTitle": "\"after all\" hook",
          "timedOut": false,
          "duration": 1,
          "state": null,
          "speed": null,
          "pass": false,
          "fail": false,
          "pending": false,
          "context": null,
          "code": "process.env.NODE_ENV = 'test';",
          "err": {},
          "uuid": "69df58b0-f2fe-4c98-ab28-50f9fc7053ce",
          "parentUUID": "45d007fe-d709-45b2-b960-0c3a1d07e270",
          "isHook": true,
          "skipped": false
        },
        {
          "title": "\"after all\" hook",
          "fullTitle": "\"after all\" hook",
          "timedOut": false,
          "duration": 0,
          "state": null,
          "speed": null,
          "pass": false,
          "fail": false,
          "pending": false,
          "context": null,
          "code": "process.env.NODE_ENV = 'test';",
          "err": {},
          "uuid": "9154cf6c-affa-46d1-8c92-b28b8892d8ba",
          "parentUUID": "45d007fe-d709-45b2-b960-0c3a1d07e270",
          "isHook": true,
          "skipped": false
        }
      ],
      "tests": [],
      "suites": [
        {
          "uuid": "7bccac69-b8a4-4ec0-a471-82fee94f79f4",
          "title": "API Routes",
          "fullFile": "D:\\siemens-SDET\\mock-user-auth\\test\\auth.spec.js",
          "file": "\\test\\auth.spec.js",
          "beforeHooks": [
            {
              "title": "\"before all\" hook",
              "fullTitle": "API Routes \"before all\" hook",
              "timedOut": false,
              "duration": 153,
              "state": null,
              "speed": null,
              "pass": false,
              "fail": false,
              "pending": false,
              "context": null,
              "code": "var t = this, e = arguments; return new Promise(function (r, o) { var a = n.apply(t, e); function _next(n) { asyncGeneratorStep(a, r, o, _next, _throw, \"next\", n); } function _throw(n) { asyncGeneratorStep(a, r, o, _next, _throw, \"throw\", n); } _next(void 0); });",
              "err": {},
              "uuid": "8fe7d5b3-a8d1-4171-b359-ca5513145679",
              "parentUUID": "7bccac69-b8a4-4ec0-a471-82fee94f79f4",
              "isHook": true,
              "skipped": false
            }
          ],
          "afterHooks": [],
          "tests": [
            {
              "title": "should authenticate a user",
              "fullTitle": "API Routes should authenticate a user",
              "timedOut": false,
              "duration": 15,
              "state": "passed",
              "speed": "fast",
              "pass": true,
              "fail": false,
              "pending": false,
              "context": null,
              "code": "var t = this, e = arguments; return new Promise(function (r, o) { var a = n.apply(t, e); function _next(n) { asyncGeneratorStep(a, r, o, _next, _throw, \"next\", n); } function _throw(n) { asyncGeneratorStep(a, r, o, _next, _throw, \"throw\", n); } _next(void 0); });",
              "err": {},
              "uuid": "efa97fa0-8694-4f53-afdd-b832b583c86e",
              "parentUUID": "7bccac69-b8a4-4ec0-a471-82fee94f79f4",
              "isHook": false,
              "skipped": false
            },
            {
              "title": "should fail to authenticate a user with incorrect credentials",
              "fullTitle": "API Routes should fail to authenticate a user with incorrect credentials",
              "timedOut": false,
              "duration": 13,
              "state": "passed",
              "speed": "fast",
              "pass": true,
              "fail": false,
              "pending": false,
              "context": null,
              "code": "var t = this, e = arguments; return new Promise(function (r, o) { var a = n.apply(t, e); function _next(n) { asyncGeneratorStep(a, r, o, _next, _throw, \"next\", n); } function _throw(n) { asyncGeneratorStep(a, r, o, _next, _throw, \"throw\", n); } _next(void 0); });",
              "err": {},
              "uuid": "adf05ad1-a20c-41de-b563-f1d9196dac66",
              "parentUUID": "7bccac69-b8a4-4ec0-a471-82fee94f79f4",
              "isHook": false,
              "skipped": false
            },
            {
              "title": "should register a new user",
              "fullTitle": "API Routes should register a new user",
              "timedOut": false,
              "duration": 16,
              "state": "failed",
              "speed": null,
              "pass": false,
              "fail": true,
              "pending": false,
              "context": null,
              "code": "var t = this, e = arguments; return new Promise(function (r, o) { var a = n.apply(t, e); function _next(n) { asyncGeneratorStep(a, r, o, _next, _throw, \"next\", n); } function _throw(n) { asyncGeneratorStep(a, r, o, _next, _throw, \"throw\", n); } _next(void 0); });",
              "err": {
                "message": "AssertionError: expected { Object (message) } to have property 'token'",
                "estack": "AssertionError: expected { Object (message) } to have property 'token'\n    at call (test\\/auth.spec.js:51:35)\n    at tryCatch (test\\/auth.spec.js:2:1)\n    at Generator._invoke (test\\/auth.spec.js:2:1)\n    at Generator.next (test\\/auth.spec.js:2:1)\n    at asyncGeneratorStep (test\\/auth.spec.js:2:1)\n    at _next (test\\/auth.spec.js:2:1)\n    at processTicksAndRejections (internal/process/task_queues.js:86:5)",
                "diff": null
              },
              "uuid": "4ddacc8c-0101-4bb3-8ebf-87bc8ae3a4f5",
              "parentUUID": "7bccac69-b8a4-4ec0-a471-82fee94f79f4",
              "isHook": false,
              "skipped": false
            },
            {
              "title": "should fail to register an existing user",
              "fullTitle": "API Routes should fail to register an existing user",
              "timedOut": false,
              "duration": 16,
              "state": "passed",
              "speed": "fast",
              "pass": true,
              "fail": false,
              "pending": false,
              "context": null,
              "code": "var t = this, e = arguments; return new Promise(function (r, o) { var a = n.apply(t, e); function _next(n) { asyncGeneratorStep(a, r, o, _next, _throw, \"next\", n); } function _throw(n) { asyncGeneratorStep(a, r, o, _next, _throw, \"throw\", n); } _next(void 0); });",
              "err": {},
              "uuid": "36c132d0-3c7f-4d92-b5f4-1595a9e75a61",
              "parentUUID": "7bccac69-b8a4-4ec0-a471-82fee94f79f4",
              "isHook": false,
              "skipped": false
            },
            {
              "title": "should get user data",
              "fullTitle": "API Routes should get user data",
              "timedOut": false,
              "duration": 37,
              "state": "passed",
              "speed": "fast",
              "pass": true,
              "fail": false,
              "pending": false,
              "context": null,
              "code": "var t = this, e = arguments; return new Promise(function (r, o) { var a = n.apply(t, e); function _next(n) { asyncGeneratorStep(a, r, o, _next, _throw, \"next\", n); } function _throw(n) { asyncGeneratorStep(a, r, o, _next, _throw, \"throw\", n); } _next(void 0); });",
              "err": {},
              "uuid": "b639f117-a4fc-40de-918a-fc1c5cc7df50",
              "parentUUID": "7bccac69-b8a4-4ec0-a471-82fee94f79f4",
              "isHook": false,
              "skipped": false
            },
            {
              "title": "should fail to get user data with invalid token",
              "fullTitle": "API Routes should fail to get user data with invalid token",
              "timedOut": false,
              "duration": 28,
              "state": "passed",
              "speed": "fast",
              "pass": true,
              "fail": false,
              "pending": false,
              "context": null,
              "code": "var t = this, e = arguments; return new Promise(function (r, o) { var a = n.apply(t, e); function _next(n) { asyncGeneratorStep(a, r, o, _next, _throw, \"next\", n); } function _throw(n) { asyncGeneratorStep(a, r, o, _next, _throw, \"throw\", n); } _next(void 0); });",
              "err": {},
              "uuid": "58c156ba-b395-4aa0-89ea-a7ac0551ff38",
              "parentUUID": "7bccac69-b8a4-4ec0-a471-82fee94f79f4",
              "isHook": false,
              "skipped": false
            },
            {
              "title": "should update user data",
              "fullTitle": "API Routes should update user data",
              "timedOut": false,
              "duration": 71,
              "state": "passed",
              "speed": "medium",
              "pass": true,
              "fail": false,
              "pending": false,
              "context": null,
              "code": "var t = this, e = arguments; return new Promise(function (r, o) { var a = n.apply(t, e); function _next(n) { asyncGeneratorStep(a, r, o, _next, _throw, \"next\", n); } function _throw(n) { asyncGeneratorStep(a, r, o, _next, _throw, \"throw\", n); } _next(void 0); });",
              "err": {},
              "uuid": "8d514cf0-4074-4204-9083-9087ecb65045",
              "parentUUID": "7bccac69-b8a4-4ec0-a471-82fee94f79f4",
              "isHook": false,
              "skipped": false
            },
            {
              "title": "should delete a user",
              "fullTitle": "API Routes should delete a user",
              "timedOut": false,
              "duration": 28,
              "state": "failed",
              "speed": null,
              "pass": false,
              "fail": true,
              "pending": false,
              "context": null,
              "code": "var t = this, e = arguments; return new Promise(function (r, o) { var a = n.apply(t, e); function _next(n) { asyncGeneratorStep(a, r, o, _next, _throw, \"next\", n); } function _throw(n) { asyncGeneratorStep(a, r, o, _next, _throw, \"throw\", n); } _next(void 0); });",
              "err": {
                "message": "AssertionError: expected 500 to equal 200",
                "estack": "AssertionError: expected 500 to equal 200\n    at call (test\\/auth.spec.js:118:32)\n    at tryCatch (test\\/auth.spec.js:2:1)\n    at Generator._invoke (test\\/auth.spec.js:2:1)\n    at Generator.next (test\\/auth.spec.js:2:1)\n    at asyncGeneratorStep (test\\/auth.spec.js:2:1)\n    at _next (test\\/auth.spec.js:2:1)\n    at processTicksAndRejections (internal/process/task_queues.js:86:5)",
                "diff": "- 500\n+ 200\n"
              },
              "uuid": "960a0c84-cfd8-4293-ae0a-9aeaf0bec3f2",
              "parentUUID": "7bccac69-b8a4-4ec0-a471-82fee94f79f4",
              "isHook": false,
              "skipped": false
            },
            {
              "title": "should fail to delete a user with invalid token",
              "fullTitle": "API Routes should fail to delete a user with invalid token",
              "timedOut": false,
              "duration": 10,
              "state": "passed",
              "speed": "fast",
              "pass": true,
              "fail": false,
              "pending": false,
              "context": null,
              "code": "var t = this, e = arguments; return new Promise(function (r, o) { var a = n.apply(t, e); function _next(n) { asyncGeneratorStep(a, r, o, _next, _throw, \"next\", n); } function _throw(n) { asyncGeneratorStep(a, r, o, _next, _throw, \"throw\", n); } _next(void 0); });",
              "err": {},
              "uuid": "84a5818c-1d68-4af3-8366-68148c2497c0",
              "parentUUID": "7bccac69-b8a4-4ec0-a471-82fee94f79f4",
              "isHook": false,
              "skipped": false
            },
            {
              "title": "should delete all users with correct admin key",
              "fullTitle": "API Routes should delete all users with correct admin key",
              "timedOut": false,
              "duration": 8,
              "state": "passed",
              "speed": "fast",
              "pass": true,
              "fail": false,
              "pending": false,
              "context": null,
              "code": "var t = this, e = arguments; return new Promise(function (r, o) { var a = n.apply(t, e); function _next(n) { asyncGeneratorStep(a, r, o, _next, _throw, \"next\", n); } function _throw(n) { asyncGeneratorStep(a, r, o, _next, _throw, \"throw\", n); } _next(void 0); });",
              "err": {},
              "uuid": "b797b106-bc50-4efc-8b0e-e0a13b1edf75",
              "parentUUID": "7bccac69-b8a4-4ec0-a471-82fee94f79f4",
              "isHook": false,
              "skipped": false
            },
            {
              "title": "should fail to delete all users with incorrect admin key",
              "fullTitle": "API Routes should fail to delete all users with incorrect admin key",
              "timedOut": false,
              "duration": 9,
              "state": "passed",
              "speed": "fast",
              "pass": true,
              "fail": false,
              "pending": false,
              "context": null,
              "code": "var t = this, e = arguments; return new Promise(function (r, o) { var a = n.apply(t, e); function _next(n) { asyncGeneratorStep(a, r, o, _next, _throw, \"next\", n); } function _throw(n) { asyncGeneratorStep(a, r, o, _next, _throw, \"throw\", n); } _next(void 0); });",
              "err": {},
              "uuid": "8b100197-e94d-4419-b189-1d72c65cd721",
              "parentUUID": "7bccac69-b8a4-4ec0-a471-82fee94f79f4",
              "isHook": false,
              "skipped": false
            }
          ],
          "suites": [],
          "passes": [
            "efa97fa0-8694-4f53-afdd-b832b583c86e",
            "adf05ad1-a20c-41de-b563-f1d9196dac66",
            "36c132d0-3c7f-4d92-b5f4-1595a9e75a61",
            "b639f117-a4fc-40de-918a-fc1c5cc7df50",
            "58c156ba-b395-4aa0-89ea-a7ac0551ff38",
            "8d514cf0-4074-4204-9083-9087ecb65045",
            "84a5818c-1d68-4af3-8366-68148c2497c0",
            "b797b106-bc50-4efc-8b0e-e0a13b1edf75",
            "8b100197-e94d-4419-b189-1d72c65cd721"
          ],
          "failures": [
            "4ddacc8c-0101-4bb3-8ebf-87bc8ae3a4f5",
            "960a0c84-cfd8-4293-ae0a-9aeaf0bec3f2"
          ],
          "pending": [],
          "skipped": [],
          "duration": 251,
          "root": false,
          "rootEmpty": false,
          "_timeout": 2000
        },
        {
          "uuid": "ca0b042f-f2be-425f-9133-619468867131",
          "title": "Cors middleware",
          "fullFile": "D:\\siemens-SDET\\mock-user-auth\\test\\cors.spec.js",
          "file": "\\test\\cors.spec.js",
          "beforeHooks": [],
          "afterHooks": [],
          "tests": [
            {
              "title": "It should return 200",
              "fullTitle": "Cors middleware It should return 200",
              "timedOut": false,
              "duration": 1,
              "state": "passed",
              "speed": "fast",
              "pass": true,
              "fail": false,
              "pending": false,
              "context": null,
              "code": "_chai[\"default\"].request(_www.server).options('/api/v1/').end(function (err, res) {\n  expect(res.statusCode).to.equal(200);\n});",
              "err": {},
              "uuid": "41e1c1bb-49e7-4f3a-9101-0e8ac57e22da",
              "parentUUID": "ca0b042f-f2be-425f-9133-619468867131",
              "isHook": false,
              "skipped": false
            },
            {
              "title": "It should pass request",
              "fullTitle": "Cors middleware It should pass request",
              "timedOut": false,
              "duration": 3,
              "state": "passed",
              "speed": "fast",
              "pass": true,
              "fail": false,
              "pending": false,
              "context": null,
              "code": "_chai[\"default\"].request(_www.server).get('/api/v1/').end(function (err, res) {\n  expect(res.statusCode).to.equal(404);\n});",
              "err": {},
              "uuid": "9ded94a3-c9e3-4715-87f5-c806b36d7f9e",
              "parentUUID": "ca0b042f-f2be-425f-9133-619468867131",
              "isHook": false,
              "skipped": false
            }
          ],
          "suites": [],
          "passes": [
            "41e1c1bb-49e7-4f3a-9101-0e8ac57e22da",
            "9ded94a3-c9e3-4715-87f5-c806b36d7f9e"
          ],
          "failures": [],
          "pending": [],
          "skipped": [],
          "duration": 4,
          "root": false,
          "rootEmpty": false,
          "_timeout": 2000
        },
        {
          "uuid": "b248de5a-9277-422d-bd5b-87c86f7b4a1c",
          "title": "WWW server",
          "fullFile": "D:\\siemens-SDET\\mock-user-auth\\test\\www.spec.js",
          "file": "\\test\\www.spec.js",
          "beforeHooks": [],
          "afterHooks": [],
          "tests": [],
          "suites": [
            {
              "uuid": "8ced22ba-d43c-4a36-b1ed-8d3778426285",
              "title": "NormalizePort Function",
              "fullFile": "D:\\siemens-SDET\\mock-user-auth\\test\\www.spec.js",
              "file": "\\test\\www.spec.js",
              "beforeHooks": [],
              "afterHooks": [],
              "tests": [
                {
                  "title": "It should return 3001 port",
                  "fullTitle": "WWW server NormalizePort Function It should return 3001 port",
                  "timedOut": false,
                  "duration": 1,
                  "state": "passed",
                  "speed": "fast",
                  "pass": true,
                  "fail": false,
                  "pending": false,
                  "context": null,
                  "code": "var port = (0, _www.normalizePort)();\nexpect(port).to.be.a('number');\nexpect(port).to.equal(3001);",
                  "err": {},
                  "uuid": "3dff935f-8e9b-4fd4-917b-c91a2086f1f9",
                  "parentUUID": "8ced22ba-d43c-4a36-b1ed-8d3778426285",
                  "isHook": false,
                  "skipped": false
                },
                {
                  "title": "It should return false",
                  "fullTitle": "WWW server NormalizePort Function It should return false",
                  "timedOut": false,
                  "duration": 0,
                  "state": "passed",
                  "speed": "fast",
                  "pass": true,
                  "fail": false,
                  "pending": false,
                  "context": null,
                  "code": "process.env.NODE_ENV = 'default';\nvar port = (0, _www.normalizePort)(-3001);\nexpect(port).to.equal(false);",
                  "err": {},
                  "uuid": "6254ba7c-4f4b-4eab-ab88-d78ea1315b2b",
                  "parentUUID": "8ced22ba-d43c-4a36-b1ed-8d3778426285",
                  "isHook": false,
                  "skipped": false
                },
                {
                  "title": "It should return number",
                  "fullTitle": "WWW server NormalizePort Function It should return number",
                  "timedOut": false,
                  "duration": 1,
                  "state": "passed",
                  "speed": "fast",
                  "pass": true,
                  "fail": false,
                  "pending": false,
                  "context": null,
                  "code": "after(function () {\n  process.env.NODE_ENV = 'test';\n});\nprocess.env.NODE_ENV = 'default';\nvar port = (0, _www.normalizePort)('4500');\nexpect(port).to.be.a('number');\nexpect(port).to.equal(4500);",
                  "err": {},
                  "uuid": "8c60c5d3-263c-49b5-b741-fd1f05932955",
                  "parentUUID": "8ced22ba-d43c-4a36-b1ed-8d3778426285",
                  "isHook": false,
                  "skipped": false
                },
                {
                  "title": "It should return isNaN",
                  "fullTitle": "WWW server NormalizePort Function It should return isNaN",
                  "timedOut": false,
                  "duration": 1,
                  "state": "passed",
                  "speed": "fast",
                  "pass": true,
                  "fail": false,
                  "pending": false,
                  "context": null,
                  "code": "after(function () {\n  process.env.NODE_ENV = 'test';\n});\nprocess.env.NODE_ENV = 'default';\nvar port = (0, _www.normalizePort)('isNaN');\nexpect(port).not.be.a('number');\nexpect(port).to.equal('isNaN');",
                  "err": {},
                  "uuid": "9250db2a-1aa4-4a77-89ed-2da72ba05fea",
                  "parentUUID": "8ced22ba-d43c-4a36-b1ed-8d3778426285",
                  "isHook": false,
                  "skipped": false
                }
              ],
              "suites": [],
              "passes": [
                "3dff935f-8e9b-4fd4-917b-c91a2086f1f9",
                "6254ba7c-4f4b-4eab-ab88-d78ea1315b2b",
                "8c60c5d3-263c-49b5-b741-fd1f05932955",
                "9250db2a-1aa4-4a77-89ed-2da72ba05fea"
              ],
              "failures": [],
              "pending": [],
              "skipped": [],
              "duration": 3,
              "root": false,
              "rootEmpty": false,
              "_timeout": 2000
            },
            {
              "uuid": "39443a04-c592-4cc8-9dab-1e36d5dd54d0",
              "title": "OnError Function",
              "fullFile": "D:\\siemens-SDET\\mock-user-auth\\test\\www.spec.js",
              "file": "\\test\\www.spec.js",
              "beforeHooks": [],
              "afterHooks": [],
              "tests": [
                {
                  "title": "It should throw exception",
                  "fullTitle": "WWW server OnError Function It should throw exception",
                  "timedOut": false,
                  "duration": 1,
                  "state": "passed",
                  "speed": "fast",
                  "pass": true,
                  "fail": false,
                  "pending": false,
                  "context": null,
                  "code": "try {\n  expect((0, _www.onError)({\n    syscall: 'isNotSyscall'\n  })).to[\"throw\"]();\n} catch (err) {\n  expect(err).to.be.a('Object');\n  expect(err.syscall).to.equal('isNotSyscall');\n}",
                  "err": {},
                  "uuid": "049aa897-0f1c-4474-b8a1-a5df11ec2a03",
                  "parentUUID": "39443a04-c592-4cc8-9dab-1e36d5dd54d0",
                  "isHook": false,
                  "skipped": false
                },
                {
                  "title": "It should catch default error",
                  "fullTitle": "WWW server OnError Function It should catch default error",
                  "timedOut": false,
                  "duration": 1,
                  "state": "passed",
                  "speed": "fast",
                  "pass": true,
                  "fail": false,
                  "pending": false,
                  "context": null,
                  "code": "try {\n  expect((0, _www.onError)({\n    syscall: 'listen',\n    code: 'Default'\n  })).to[\"throw\"]();\n} catch (err) {\n  expect(err).to.be.a('Object');\n  expect(err.code).to.equal('Default');\n}",
                  "err": {},
                  "uuid": "f3c95381-9c6f-4f1a-9df9-eb4a1c0d31c9",
                  "parentUUID": "39443a04-c592-4cc8-9dab-1e36d5dd54d0",
                  "isHook": false,
                  "skipped": false
                }
              ],
              "suites": [],
              "passes": [
                "049aa897-0f1c-4474-b8a1-a5df11ec2a03",
                "f3c95381-9c6f-4f1a-9df9-eb4a1c0d31c9"
              ],
              "failures": [],
              "pending": [],
              "skipped": [],
              "duration": 2,
              "root": false,
              "rootEmpty": false,
              "_timeout": 2000
            }
          ],
          "passes": [],
          "failures": [],
          "pending": [],
          "skipped": [],
          "duration": 0,
          "root": false,
          "rootEmpty": false,
          "_timeout": 2000
        }
      ],
      "passes": [],
      "failures": [],
      "pending": [],
      "skipped": [],
      "duration": 0,
      "root": true,
      "rootEmpty": true,
      "_timeout": 2000
    }
  ],
  "meta": {
    "mocha": {
      "version": "6.1.2"
    },
    "mochawesome": {
      "options": {
        "quiet": true,
        "reportFilename": "mochawesome",
        "saveHtml": true,
        "saveJson": true,
        "consoleReporter": "spec",
        "useInlineDiffs": false,
        "code": true
      },
      "version": "7.1.3"
    },
    "marge": {
      "options": {
        "id": "default",
        "reportDir": "reports",
        "reportFilename": "mochawesome",
        "quiet": true,
        "overwrite": false,
        "html": true,
        "json": true
      },
      "version": "6.2.0"
    }
  }
}