{
  "stats": {
    "suites": 5,
    "tests": 19,
    "passes": 18,
    "pending": 0,
    "failures": 1,
    "start": "2024-07-11T20:00:07.508Z",
    "end": "2024-07-11T20:00:07.804Z",
    "duration": 296,
    "testsRegistered": 19,
    "passPercent": 94.73684210526315,
    "pendingPercent": 0,
    "other": 0,
    "hasOther": false,
    "skipped": 0,
    "hasSkipped": false
  },
  "results": [
    {
      "uuid": "283376dc-4b8a-4fad-9901-b240297606f7",
      "title": "",
      "fullFile": "",
      "file": "",
      "beforeHooks": [],
      "afterHooks": [
        {
          "title": "\"after all\" hook",
          "fullTitle": "\"after all\" hook",
          "timedOut": false,
          "duration": 0,
          "state": null,
          "speed": null,
          "pass": false,
          "fail": false,
          "pending": false,
          "context": null,
          "code": "process.env.NODE_ENV = 'test';",
          "err": {},
          "uuid": "762f0eec-9ef7-4601-b833-d6952ad42ace",
          "parentUUID": "283376dc-4b8a-4fad-9901-b240297606f7",
          "isHook": true,
          "skipped": false
        },
        {
          "title": "\"after all\" hook",
          "fullTitle": "\"after all\" hook",
          "timedOut": false,
          "duration": 1,
          "state": null,
          "speed": null,
          "pass": false,
          "fail": false,
          "pending": false,
          "context": null,
          "code": "process.env.NODE_ENV = 'test';",
          "err": {},
          "uuid": "6550898b-c83a-430f-933b-fc13725a5b16",
          "parentUUID": "283376dc-4b8a-4fad-9901-b240297606f7",
          "isHook": true,
          "skipped": false
        }
      ],
      "tests": [],
      "suites": [
        {
          "uuid": "8922cd30-2128-4ccd-b7e9-129351c7361d",
          "title": "API Routes",
          "fullFile": "D:\\mock-user-auth\\test\\auth.spec.js",
          "file": "\\test\\auth.spec.js",
          "beforeHooks": [
            {
              "title": "\"before all\" hook",
              "fullTitle": "API Routes \"before all\" hook",
              "timedOut": false,
              "duration": 67,
              "state": null,
              "speed": null,
              "pass": false,
              "fail": false,
              "pending": false,
              "context": null,
              "code": "var t = this, e = arguments; return new Promise(function (r, o) { var a = n.apply(t, e); function _next(n) { asyncGeneratorStep(a, r, o, _next, _throw, \"next\", n); } function _throw(n) { asyncGeneratorStep(a, r, o, _next, _throw, \"throw\", n); } _next(void 0); });",
              "err": {},
              "uuid": "a2f90d0d-3c4a-40e8-a858-27470abe72e6",
              "parentUUID": "8922cd30-2128-4ccd-b7e9-129351c7361d",
              "isHook": true,
              "skipped": false
            }
          ],
          "afterHooks": [],
          "tests": [
            {
              "title": "should authenticate a user",
              "fullTitle": "API Routes should authenticate a user",
              "timedOut": false,
              "duration": 12,
              "state": "passed",
              "speed": "fast",
              "pass": true,
              "fail": false,
              "pending": false,
              "context": null,
              "code": "var t = this, e = arguments; return new Promise(function (r, o) { var a = n.apply(t, e); function _next(n) { asyncGeneratorStep(a, r, o, _next, _throw, \"next\", n); } function _throw(n) { asyncGeneratorStep(a, r, o, _next, _throw, \"throw\", n); } _next(void 0); });",
              "err": {},
              "uuid": "5d2d5abd-61dd-4ef5-aad5-80fd0f301eb6",
              "parentUUID": "8922cd30-2128-4ccd-b7e9-129351c7361d",
              "isHook": false,
              "skipped": false
            },
            {
              "title": "should fail to authenticate a user with incorrect credentials",
              "fullTitle": "API Routes should fail to authenticate a user with incorrect credentials",
              "timedOut": false,
              "duration": 7,
              "state": "passed",
              "speed": "fast",
              "pass": true,
              "fail": false,
              "pending": false,
              "context": null,
              "code": "var t = this, e = arguments; return new Promise(function (r, o) { var a = n.apply(t, e); function _next(n) { asyncGeneratorStep(a, r, o, _next, _throw, \"next\", n); } function _throw(n) { asyncGeneratorStep(a, r, o, _next, _throw, \"throw\", n); } _next(void 0); });",
              "err": {},
              "uuid": "551676ea-bfaa-472b-866a-3b2a3722112d",
              "parentUUID": "8922cd30-2128-4ccd-b7e9-129351c7361d",
              "isHook": false,
              "skipped": false
            },
            {
              "title": "should register a new user",
              "fullTitle": "API Routes should register a new user",
              "timedOut": false,
              "duration": 8,
              "state": "passed",
              "speed": "fast",
              "pass": true,
              "fail": false,
              "pending": false,
              "context": null,
              "code": "var t = this, e = arguments; return new Promise(function (r, o) { var a = n.apply(t, e); function _next(n) { asyncGeneratorStep(a, r, o, _next, _throw, \"next\", n); } function _throw(n) { asyncGeneratorStep(a, r, o, _next, _throw, \"throw\", n); } _next(void 0); });",
              "err": {},
              "uuid": "20139595-4c31-4317-9584-2a68ccce081e",
              "parentUUID": "8922cd30-2128-4ccd-b7e9-129351c7361d",
              "isHook": false,
              "skipped": false
            },
            {
              "title": "should fail to register an existing user",
              "fullTitle": "API Routes should fail to register an existing user",
              "timedOut": false,
              "duration": 9,
              "state": "passed",
              "speed": "fast",
              "pass": true,
              "fail": false,
              "pending": false,
              "context": null,
              "code": "var t = this, e = arguments; return new Promise(function (r, o) { var a = n.apply(t, e); function _next(n) { asyncGeneratorStep(a, r, o, _next, _throw, \"next\", n); } function _throw(n) { asyncGeneratorStep(a, r, o, _next, _throw, \"throw\", n); } _next(void 0); });",
              "err": {},
              "uuid": "420ec272-181d-4149-b6e9-eec6118f8271",
              "parentUUID": "8922cd30-2128-4ccd-b7e9-129351c7361d",
              "isHook": false,
              "skipped": false
            },
            {
              "title": "should get user data",
              "fullTitle": "API Routes should get user data",
              "timedOut": false,
              "duration": 19,
              "state": "passed",
              "speed": "fast",
              "pass": true,
              "fail": false,
              "pending": false,
              "context": null,
              "code": "var t = this, e = arguments; return new Promise(function (r, o) { var a = n.apply(t, e); function _next(n) { asyncGeneratorStep(a, r, o, _next, _throw, \"next\", n); } function _throw(n) { asyncGeneratorStep(a, r, o, _next, _throw, \"throw\", n); } _next(void 0); });",
              "err": {},
              "uuid": "9d0b3419-1a0e-46b8-900a-bdc90d95630a",
              "parentUUID": "8922cd30-2128-4ccd-b7e9-129351c7361d",
              "isHook": false,
              "skipped": false
            },
            {
              "title": "should fail to get user data with invalid token",
              "fullTitle": "API Routes should fail to get user data with invalid token",
              "timedOut": false,
              "duration": 6,
              "state": "passed",
              "speed": "fast",
              "pass": true,
              "fail": false,
              "pending": false,
              "context": null,
              "code": "var t = this, e = arguments; return new Promise(function (r, o) { var a = n.apply(t, e); function _next(n) { asyncGeneratorStep(a, r, o, _next, _throw, \"next\", n); } function _throw(n) { asyncGeneratorStep(a, r, o, _next, _throw, \"throw\", n); } _next(void 0); });",
              "err": {},
              "uuid": "dbcd6893-8937-4ac5-9687-bf4c0b47ebc9",
              "parentUUID": "8922cd30-2128-4ccd-b7e9-129351c7361d",
              "isHook": false,
              "skipped": false
            },
            {
              "title": "should update user data",
              "fullTitle": "API Routes should update user data",
              "timedOut": false,
              "duration": 16,
              "state": "passed",
              "speed": "fast",
              "pass": true,
              "fail": false,
              "pending": false,
              "context": null,
              "code": "var t = this, e = arguments; return new Promise(function (r, o) { var a = n.apply(t, e); function _next(n) { asyncGeneratorStep(a, r, o, _next, _throw, \"next\", n); } function _throw(n) { asyncGeneratorStep(a, r, o, _next, _throw, \"throw\", n); } _next(void 0); });",
              "err": {},
              "uuid": "b406481e-35b8-4656-b098-df6f2046ad90",
              "parentUUID": "8922cd30-2128-4ccd-b7e9-129351c7361d",
              "isHook": false,
              "skipped": false
            },
            {
              "title": "should delete a user",
              "fullTitle": "API Routes should delete a user",
              "timedOut": false,
              "duration": 37,
              "state": "failed",
              "speed": null,
              "pass": false,
              "fail": true,
              "pending": false,
              "context": null,
              "code": "var t = this, e = arguments; return new Promise(function (r, o) { var a = n.apply(t, e); function _next(n) { asyncGeneratorStep(a, r, o, _next, _throw, \"next\", n); } function _throw(n) { asyncGeneratorStep(a, r, o, _next, _throw, \"throw\", n); } _next(void 0); });",
              "err": {
                "message": "AssertionError: expected 500 to equal 200",
                "estack": "AssertionError: expected 500 to equal 200\n    at call (test\\/auth.spec.js:118:32)\n    at tryCatch (test\\/auth.spec.js:2:1)\n    at Generator._invoke (test\\/auth.spec.js:2:1)\n    at Generator.next (test\\/auth.spec.js:2:1)\n    at asyncGeneratorStep (test\\/auth.spec.js:2:1)\n    at _next (test\\/auth.spec.js:2:1)\n    at processTicksAndRejections (node:internal/process/task_queues:95:5)",
                "diff": "- 500\n+ 200\n"
              },
              "uuid": "95f82c8e-c99c-4b08-a38b-08ad7e425f20",
              "parentUUID": "8922cd30-2128-4ccd-b7e9-129351c7361d",
              "isHook": false,
              "skipped": false
            },
            {
              "title": "should fail to delete a user with invalid token",
              "fullTitle": "API Routes should fail to delete a user with invalid token",
              "timedOut": false,
              "duration": 8,
              "state": "passed",
              "speed": "fast",
              "pass": true,
              "fail": false,
              "pending": false,
              "context": null,
              "code": "var t = this, e = arguments; return new Promise(function (r, o) { var a = n.apply(t, e); function _next(n) { asyncGeneratorStep(a, r, o, _next, _throw, \"next\", n); } function _throw(n) { asyncGeneratorStep(a, r, o, _next, _throw, \"throw\", n); } _next(void 0); });",
              "err": {},
              "uuid": "855c73a4-1eeb-4e68-8195-cc90dd261859",
              "parentUUID": "8922cd30-2128-4ccd-b7e9-129351c7361d",
              "isHook": false,
              "skipped": false
            },
            {
              "title": "should delete all users with correct admin key",
              "fullTitle": "API Routes should delete all users with correct admin key",
              "timedOut": false,
              "duration": 9,
              "state": "passed",
              "speed": "fast",
              "pass": true,
              "fail": false,
              "pending": false,
              "context": null,
              "code": "var t = this, e = arguments; return new Promise(function (r, o) { var a = n.apply(t, e); function _next(n) { asyncGeneratorStep(a, r, o, _next, _throw, \"next\", n); } function _throw(n) { asyncGeneratorStep(a, r, o, _next, _throw, \"throw\", n); } _next(void 0); });",
              "err": {},
              "uuid": "87e7649b-c68a-481a-9ca9-86c6860d91f5",
              "parentUUID": "8922cd30-2128-4ccd-b7e9-129351c7361d",
              "isHook": false,
              "skipped": false
            },
            {
              "title": "should fail to delete all users with incorrect admin key",
              "fullTitle": "API Routes should fail to delete all users with incorrect admin key",
              "timedOut": false,
              "duration": 8,
              "state": "passed",
              "speed": "fast",
              "pass": true,
              "fail": false,
              "pending": false,
              "context": null,
              "code": "var t = this, e = arguments; return new Promise(function (r, o) { var a = n.apply(t, e); function _next(n) { asyncGeneratorStep(a, r, o, _next, _throw, \"next\", n); } function _throw(n) { asyncGeneratorStep(a, r, o, _next, _throw, \"throw\", n); } _next(void 0); });",
              "err": {},
              "uuid": "702b98ac-9ff9-47b9-87b6-f7733068c991",
              "parentUUID": "8922cd30-2128-4ccd-b7e9-129351c7361d",
              "isHook": false,
              "skipped": false
            }
          ],
          "suites": [],
          "passes": [
            "5d2d5abd-61dd-4ef5-aad5-80fd0f301eb6",
            "551676ea-bfaa-472b-866a-3b2a3722112d",
            "20139595-4c31-4317-9584-2a68ccce081e",
            "420ec272-181d-4149-b6e9-eec6118f8271",
            "9d0b3419-1a0e-46b8-900a-bdc90d95630a",
            "dbcd6893-8937-4ac5-9687-bf4c0b47ebc9",
            "b406481e-35b8-4656-b098-df6f2046ad90",
            "855c73a4-1eeb-4e68-8195-cc90dd261859",
            "87e7649b-c68a-481a-9ca9-86c6860d91f5",
            "702b98ac-9ff9-47b9-87b6-f7733068c991"
          ],
          "failures": [
            "95f82c8e-c99c-4b08-a38b-08ad7e425f20"
          ],
          "pending": [],
          "skipped": [],
          "duration": 139,
          "root": false,
          "rootEmpty": false,
          "_timeout": 2000
        },
        {
          "uuid": "11c6e552-8f41-4ea1-894b-43ab05689303",
          "title": "Cors middleware",
          "fullFile": "D:\\mock-user-auth\\test\\cors.spec.js",
          "file": "\\test\\cors.spec.js",
          "beforeHooks": [],
          "afterHooks": [],
          "tests": [
            {
              "title": "It should return 200",
              "fullTitle": "Cors middleware It should return 200",
              "timedOut": false,
              "duration": 2,
              "state": "passed",
              "speed": "fast",
              "pass": true,
              "fail": false,
              "pending": false,
              "context": null,
              "code": "_chai[\"default\"].request(_www.server).options('/api/v1/').end(function (err, res) {\n  expect(res.statusCode).to.equal(200);\n});",
              "err": {},
              "uuid": "439301a8-5132-4abf-9403-bbaacd589ac9",
              "parentUUID": "11c6e552-8f41-4ea1-894b-43ab05689303",
              "isHook": false,
              "skipped": false
            },
            {
              "title": "It should pass request",
              "fullTitle": "Cors middleware It should pass request",
              "timedOut": false,
              "duration": 3,
              "state": "passed",
              "speed": "fast",
              "pass": true,
              "fail": false,
              "pending": false,
              "context": null,
              "code": "_chai[\"default\"].request(_www.server).get('/api/v1/').end(function (err, res) {\n  expect(res.statusCode).to.equal(404);\n});",
              "err": {},
              "uuid": "7d9cdd27-1b14-4ddf-af4e-5e52a9bca84e",
              "parentUUID": "11c6e552-8f41-4ea1-894b-43ab05689303",
              "isHook": false,
              "skipped": false
            }
          ],
          "suites": [],
          "passes": [
            "439301a8-5132-4abf-9403-bbaacd589ac9",
            "7d9cdd27-1b14-4ddf-af4e-5e52a9bca84e"
          ],
          "failures": [],
          "pending": [],
          "skipped": [],
          "duration": 5,
          "root": false,
          "rootEmpty": false,
          "_timeout": 2000
        },
        {
          "uuid": "1c901cbb-81c2-46e0-af77-50f7681b8dca",
          "title": "WWW server",
          "fullFile": "D:\\mock-user-auth\\test\\www.spec.js",
          "file": "\\test\\www.spec.js",
          "beforeHooks": [],
          "afterHooks": [],
          "tests": [],
          "suites": [
            {
              "uuid": "b74f654b-4e9b-4ada-bf08-baf61233ac68",
              "title": "NormalizePort Function",
              "fullFile": "D:\\mock-user-auth\\test\\www.spec.js",
              "file": "\\test\\www.spec.js",
              "beforeHooks": [],
              "afterHooks": [],
              "tests": [
                {
                  "title": "It should return 3001 port",
                  "fullTitle": "WWW server NormalizePort Function It should return 3001 port",
                  "timedOut": false,
                  "duration": 1,
                  "state": "passed",
                  "speed": "fast",
                  "pass": true,
                  "fail": false,
                  "pending": false,
                  "context": null,
                  "code": "var port = (0, _www.normalizePort)();\nexpect(port).to.be.a('number');\nexpect(port).to.equal(3001);",
                  "err": {},
                  "uuid": "5ab34b2b-0930-4853-8b5a-866f4c5e28e8",
                  "parentUUID": "b74f654b-4e9b-4ada-bf08-baf61233ac68",
                  "isHook": false,
                  "skipped": false
                },
                {
                  "title": "It should return false",
                  "fullTitle": "WWW server NormalizePort Function It should return false",
                  "timedOut": false,
                  "duration": 0,
                  "state": "passed",
                  "speed": "fast",
                  "pass": true,
                  "fail": false,
                  "pending": false,
                  "context": null,
                  "code": "process.env.NODE_ENV = 'default';\nvar port = (0, _www.normalizePort)(-3001);\nexpect(port).to.equal(false);",
                  "err": {},
                  "uuid": "639d4c0b-0836-40c7-88f5-10a59d7ab2fb",
                  "parentUUID": "b74f654b-4e9b-4ada-bf08-baf61233ac68",
                  "isHook": false,
                  "skipped": false
                },
                {
                  "title": "It should return number",
                  "fullTitle": "WWW server NormalizePort Function It should return number",
                  "timedOut": false,
                  "duration": 0,
                  "state": "passed",
                  "speed": "fast",
                  "pass": true,
                  "fail": false,
                  "pending": false,
                  "context": null,
                  "code": "after(function () {\n  process.env.NODE_ENV = 'test';\n});\nprocess.env.NODE_ENV = 'default';\nvar port = (0, _www.normalizePort)('4500');\nexpect(port).to.be.a('number');\nexpect(port).to.equal(4500);",
                  "err": {},
                  "uuid": "89c39600-e92e-4dc5-9c74-b3158b2fd24f",
                  "parentUUID": "b74f654b-4e9b-4ada-bf08-baf61233ac68",
                  "isHook": false,
                  "skipped": false
                },
                {
                  "title": "It should return isNaN",
                  "fullTitle": "WWW server NormalizePort Function It should return isNaN",
                  "timedOut": false,
                  "duration": 0,
                  "state": "passed",
                  "speed": "fast",
                  "pass": true,
                  "fail": false,
                  "pending": false,
                  "context": null,
                  "code": "after(function () {\n  process.env.NODE_ENV = 'test';\n});\nprocess.env.NODE_ENV = 'default';\nvar port = (0, _www.normalizePort)('isNaN');\nexpect(port).not.be.a('number');\nexpect(port).to.equal('isNaN');",
                  "err": {},
                  "uuid": "0f75b78e-360d-4799-aa7d-2e9a9a76f4ba",
                  "parentUUID": "b74f654b-4e9b-4ada-bf08-baf61233ac68",
                  "isHook": false,
                  "skipped": false
                }
              ],
              "suites": [],
              "passes": [
                "5ab34b2b-0930-4853-8b5a-866f4c5e28e8",
                "639d4c0b-0836-40c7-88f5-10a59d7ab2fb",
                "89c39600-e92e-4dc5-9c74-b3158b2fd24f",
                "0f75b78e-360d-4799-aa7d-2e9a9a76f4ba"
              ],
              "failures": [],
              "pending": [],
              "skipped": [],
              "duration": 1,
              "root": false,
              "rootEmpty": false,
              "_timeout": 2000
            },
            {
              "uuid": "c6142a93-28a3-4ccb-96dd-7c1a9d33e4bc",
              "title": "OnError Function",
              "fullFile": "D:\\mock-user-auth\\test\\www.spec.js",
              "file": "\\test\\www.spec.js",
              "beforeHooks": [],
              "afterHooks": [],
              "tests": [
                {
                  "title": "It should throw exception",
                  "fullTitle": "WWW server OnError Function It should throw exception",
                  "timedOut": false,
                  "duration": 1,
                  "state": "passed",
                  "speed": "fast",
                  "pass": true,
                  "fail": false,
                  "pending": false,
                  "context": null,
                  "code": "try {\n  expect((0, _www.onError)({\n    syscall: 'isNotSyscall'\n  })).to[\"throw\"]();\n} catch (err) {\n  expect(err).to.be.a('Object');\n  expect(err.syscall).to.equal('isNotSyscall');\n}",
                  "err": {},
                  "uuid": "e22cd009-0f03-41fd-83f3-ba7cdfb50a1f",
                  "parentUUID": "c6142a93-28a3-4ccb-96dd-7c1a9d33e4bc",
                  "isHook": false,
                  "skipped": false
                },
                {
                  "title": "It should catch default error",
                  "fullTitle": "WWW server OnError Function It should catch default error",
                  "timedOut": false,
                  "duration": 0,
                  "state": "passed",
                  "speed": "fast",
                  "pass": true,
                  "fail": false,
                  "pending": false,
                  "context": null,
                  "code": "try {\n  expect((0, _www.onError)({\n    syscall: 'listen',\n    code: 'Default'\n  })).to[\"throw\"]();\n} catch (err) {\n  expect(err).to.be.a('Object');\n  expect(err.code).to.equal('Default');\n}",
                  "err": {},
                  "uuid": "f82360ad-bdc8-4f0a-8c56-08d51123ec06",
                  "parentUUID": "c6142a93-28a3-4ccb-96dd-7c1a9d33e4bc",
                  "isHook": false,
                  "skipped": false
                }
              ],
              "suites": [],
              "passes": [
                "e22cd009-0f03-41fd-83f3-ba7cdfb50a1f",
                "f82360ad-bdc8-4f0a-8c56-08d51123ec06"
              ],
              "failures": [],
              "pending": [],
              "skipped": [],
              "duration": 1,
              "root": false,
              "rootEmpty": false,
              "_timeout": 2000
            }
          ],
          "passes": [],
          "failures": [],
          "pending": [],
          "skipped": [],
          "duration": 0,
          "root": false,
          "rootEmpty": false,
          "_timeout": 2000
        }
      ],
      "passes": [],
      "failures": [],
      "pending": [],
      "skipped": [],
      "duration": 0,
      "root": true,
      "rootEmpty": true,
      "_timeout": 2000
    }
  ],
  "meta": {
    "mocha": {
      "version": "6.1.2"
    },
    "mochawesome": {
      "options": {
        "quiet": true,
        "reportFilename": "mochawesome",
        "saveHtml": true,
        "saveJson": true,
        "consoleReporter": "spec",
        "useInlineDiffs": false,
        "code": true
      },
      "version": "7.1.3"
    },
    "marge": {
      "options": {
        "id": "default",
        "reportDir": "reports",
        "reportFilename": "mochawesome",
        "quiet": true,
        "overwrite": false,
        "html": true,
        "json": true
      },
      "version": "6.2.0"
    }
  }
}