{
  "stats": {
    "suites": 5,
    "tests": 18,
    "passes": 18,
    "pending": 0,
    "failures": 0,
    "start": "2024-07-11T20:01:53.881Z",
    "end": "2024-07-11T20:01:54.060Z",
    "duration": 179,
    "testsRegistered": 18,
    "passPercent": 100,
    "pendingPercent": 0,
    "other": 0,
    "hasOther": false,
    "skipped": 0,
    "hasSkipped": false
  },
  "results": [
    {
      "uuid": "bbf599cd-18bc-453d-9866-d7e2c1cae1e2",
      "title": "",
      "fullFile": "",
      "file": "",
      "beforeHooks": [],
      "afterHooks": [
        {
          "title": "\"after all\" hook",
          "fullTitle": "\"after all\" hook",
          "timedOut": false,
          "duration": 0,
          "state": null,
          "speed": null,
          "pass": false,
          "fail": false,
          "pending": false,
          "context": null,
          "code": "process.env.NODE_ENV = 'test';",
          "err": {},
          "uuid": "e4e541f5-1a2a-471c-8696-23fa24e9ddc8",
          "parentUUID": "bbf599cd-18bc-453d-9866-d7e2c1cae1e2",
          "isHook": true,
          "skipped": false
        },
        {
          "title": "\"after all\" hook",
          "fullTitle": "\"after all\" hook",
          "timedOut": false,
          "duration": 0,
          "state": null,
          "speed": null,
          "pass": false,
          "fail": false,
          "pending": false,
          "context": null,
          "code": "process.env.NODE_ENV = 'test';",
          "err": {},
          "uuid": "066ac29e-2d21-4b8e-a175-86b5b1c350d5",
          "parentUUID": "bbf599cd-18bc-453d-9866-d7e2c1cae1e2",
          "isHook": true,
          "skipped": false
        }
      ],
      "tests": [],
      "suites": [
        {
          "uuid": "72782ee2-1439-4fd9-a569-3c9035a53d21",
          "title": "API Routes",
          "fullFile": "D:\\mock-user-auth\\test\\auth.spec.js",
          "file": "\\test\\auth.spec.js",
          "beforeHooks": [
            {
              "title": "\"before all\" hook",
              "fullTitle": "API Routes \"before all\" hook",
              "timedOut": false,
              "duration": 54,
              "state": null,
              "speed": null,
              "pass": false,
              "fail": false,
              "pending": false,
              "context": null,
              "code": "var t = this, e = arguments; return new Promise(function (r, o) { var a = n.apply(t, e); function _next(n) { asyncGeneratorStep(a, r, o, _next, _throw, \"next\", n); } function _throw(n) { asyncGeneratorStep(a, r, o, _next, _throw, \"throw\", n); } _next(void 0); });",
              "err": {},
              "uuid": "405f06b6-7526-48d4-9939-1aa628ea491f",
              "parentUUID": "72782ee2-1439-4fd9-a569-3c9035a53d21",
              "isHook": true,
              "skipped": false
            }
          ],
          "afterHooks": [],
          "tests": [
            {
              "title": "should authenticate a user",
              "fullTitle": "API Routes should authenticate a user",
              "timedOut": false,
              "duration": 8,
              "state": "passed",
              "speed": "fast",
              "pass": true,
              "fail": false,
              "pending": false,
              "context": null,
              "code": "var t = this, e = arguments; return new Promise(function (r, o) { var a = n.apply(t, e); function _next(n) { asyncGeneratorStep(a, r, o, _next, _throw, \"next\", n); } function _throw(n) { asyncGeneratorStep(a, r, o, _next, _throw, \"throw\", n); } _next(void 0); });",
              "err": {},
              "uuid": "f0887e53-254d-4076-9d77-d5e7bea5f1ae",
              "parentUUID": "72782ee2-1439-4fd9-a569-3c9035a53d21",
              "isHook": false,
              "skipped": false
            },
            {
              "title": "should fail to authenticate a user with incorrect credentials",
              "fullTitle": "API Routes should fail to authenticate a user with incorrect credentials",
              "timedOut": false,
              "duration": 5,
              "state": "passed",
              "speed": "fast",
              "pass": true,
              "fail": false,
              "pending": false,
              "context": null,
              "code": "var t = this, e = arguments; return new Promise(function (r, o) { var a = n.apply(t, e); function _next(n) { asyncGeneratorStep(a, r, o, _next, _throw, \"next\", n); } function _throw(n) { asyncGeneratorStep(a, r, o, _next, _throw, \"throw\", n); } _next(void 0); });",
              "err": {},
              "uuid": "c3adaeb8-b6e0-4610-abef-ccc8f1f08d3f",
              "parentUUID": "72782ee2-1439-4fd9-a569-3c9035a53d21",
              "isHook": false,
              "skipped": false
            },
            {
              "title": "should register a new user",
              "fullTitle": "API Routes should register a new user",
              "timedOut": false,
              "duration": 5,
              "state": "passed",
              "speed": "fast",
              "pass": true,
              "fail": false,
              "pending": false,
              "context": null,
              "code": "var t = this, e = arguments; return new Promise(function (r, o) { var a = n.apply(t, e); function _next(n) { asyncGeneratorStep(a, r, o, _next, _throw, \"next\", n); } function _throw(n) { asyncGeneratorStep(a, r, o, _next, _throw, \"throw\", n); } _next(void 0); });",
              "err": {},
              "uuid": "d244ffa6-fb2c-4865-9318-d256af564f42",
              "parentUUID": "72782ee2-1439-4fd9-a569-3c9035a53d21",
              "isHook": false,
              "skipped": false
            },
            {
              "title": "should fail to register an existing user",
              "fullTitle": "API Routes should fail to register an existing user",
              "timedOut": false,
              "duration": 3,
              "state": "passed",
              "speed": "fast",
              "pass": true,
              "fail": false,
              "pending": false,
              "context": null,
              "code": "var t = this, e = arguments; return new Promise(function (r, o) { var a = n.apply(t, e); function _next(n) { asyncGeneratorStep(a, r, o, _next, _throw, \"next\", n); } function _throw(n) { asyncGeneratorStep(a, r, o, _next, _throw, \"throw\", n); } _next(void 0); });",
              "err": {},
              "uuid": "170732fc-8de6-4fd6-ad15-3db1c52621bb",
              "parentUUID": "72782ee2-1439-4fd9-a569-3c9035a53d21",
              "isHook": false,
              "skipped": false
            },
            {
              "title": "should get user data",
              "fullTitle": "API Routes should get user data",
              "timedOut": false,
              "duration": 11,
              "state": "passed",
              "speed": "fast",
              "pass": true,
              "fail": false,
              "pending": false,
              "context": null,
              "code": "var t = this, e = arguments; return new Promise(function (r, o) { var a = n.apply(t, e); function _next(n) { asyncGeneratorStep(a, r, o, _next, _throw, \"next\", n); } function _throw(n) { asyncGeneratorStep(a, r, o, _next, _throw, \"throw\", n); } _next(void 0); });",
              "err": {},
              "uuid": "f66a8a4b-2c35-495b-b2bd-c5b087c79405",
              "parentUUID": "72782ee2-1439-4fd9-a569-3c9035a53d21",
              "isHook": false,
              "skipped": false
            },
            {
              "title": "should fail to get user data with invalid token",
              "fullTitle": "API Routes should fail to get user data with invalid token",
              "timedOut": false,
              "duration": 4,
              "state": "passed",
              "speed": "fast",
              "pass": true,
              "fail": false,
              "pending": false,
              "context": null,
              "code": "var t = this, e = arguments; return new Promise(function (r, o) { var a = n.apply(t, e); function _next(n) { asyncGeneratorStep(a, r, o, _next, _throw, \"next\", n); } function _throw(n) { asyncGeneratorStep(a, r, o, _next, _throw, \"throw\", n); } _next(void 0); });",
              "err": {},
              "uuid": "089d58fb-042b-41fd-973c-b471cdb16c49",
              "parentUUID": "72782ee2-1439-4fd9-a569-3c9035a53d21",
              "isHook": false,
              "skipped": false
            },
            {
              "title": "should update user data",
              "fullTitle": "API Routes should update user data",
              "timedOut": false,
              "duration": 13,
              "state": "passed",
              "speed": "fast",
              "pass": true,
              "fail": false,
              "pending": false,
              "context": null,
              "code": "var t = this, e = arguments; return new Promise(function (r, o) { var a = n.apply(t, e); function _next(n) { asyncGeneratorStep(a, r, o, _next, _throw, \"next\", n); } function _throw(n) { asyncGeneratorStep(a, r, o, _next, _throw, \"throw\", n); } _next(void 0); });",
              "err": {},
              "uuid": "4f9d9c9c-501e-42db-b6da-10fb9e9fe364",
              "parentUUID": "72782ee2-1439-4fd9-a569-3c9035a53d21",
              "isHook": false,
              "skipped": false
            },
            {
              "title": "should fail to delete a user with invalid token",
              "fullTitle": "API Routes should fail to delete a user with invalid token",
              "timedOut": false,
              "duration": 6,
              "state": "passed",
              "speed": "fast",
              "pass": true,
              "fail": false,
              "pending": false,
              "context": null,
              "code": "var t = this, e = arguments; return new Promise(function (r, o) { var a = n.apply(t, e); function _next(n) { asyncGeneratorStep(a, r, o, _next, _throw, \"next\", n); } function _throw(n) { asyncGeneratorStep(a, r, o, _next, _throw, \"throw\", n); } _next(void 0); });",
              "err": {},
              "uuid": "40a14c63-8775-4ede-b51b-d5fb8e6d2f78",
              "parentUUID": "72782ee2-1439-4fd9-a569-3c9035a53d21",
              "isHook": false,
              "skipped": false
            },
            {
              "title": "should delete all users with correct admin key",
              "fullTitle": "API Routes should delete all users with correct admin key",
              "timedOut": false,
              "duration": 6,
              "state": "passed",
              "speed": "fast",
              "pass": true,
              "fail": false,
              "pending": false,
              "context": null,
              "code": "var t = this, e = arguments; return new Promise(function (r, o) { var a = n.apply(t, e); function _next(n) { asyncGeneratorStep(a, r, o, _next, _throw, \"next\", n); } function _throw(n) { asyncGeneratorStep(a, r, o, _next, _throw, \"throw\", n); } _next(void 0); });",
              "err": {},
              "uuid": "36a129c2-fd0e-4ddb-adbc-f0a77d9c7f07",
              "parentUUID": "72782ee2-1439-4fd9-a569-3c9035a53d21",
              "isHook": false,
              "skipped": false
            },
            {
              "title": "should fail to delete all users with incorrect admin key",
              "fullTitle": "API Routes should fail to delete all users with incorrect admin key",
              "timedOut": false,
              "duration": 5,
              "state": "passed",
              "speed": "fast",
              "pass": true,
              "fail": false,
              "pending": false,
              "context": null,
              "code": "var t = this, e = arguments; return new Promise(function (r, o) { var a = n.apply(t, e); function _next(n) { asyncGeneratorStep(a, r, o, _next, _throw, \"next\", n); } function _throw(n) { asyncGeneratorStep(a, r, o, _next, _throw, \"throw\", n); } _next(void 0); });",
              "err": {},
              "uuid": "cf9a84e3-4394-43d7-a60a-ffb133e53696",
              "parentUUID": "72782ee2-1439-4fd9-a569-3c9035a53d21",
              "isHook": false,
              "skipped": false
            }
          ],
          "suites": [],
          "passes": [
            "f0887e53-254d-4076-9d77-d5e7bea5f1ae",
            "c3adaeb8-b6e0-4610-abef-ccc8f1f08d3f",
            "d244ffa6-fb2c-4865-9318-d256af564f42",
            "170732fc-8de6-4fd6-ad15-3db1c52621bb",
            "f66a8a4b-2c35-495b-b2bd-c5b087c79405",
            "089d58fb-042b-41fd-973c-b471cdb16c49",
            "4f9d9c9c-501e-42db-b6da-10fb9e9fe364",
            "40a14c63-8775-4ede-b51b-d5fb8e6d2f78",
            "36a129c2-fd0e-4ddb-adbc-f0a77d9c7f07",
            "cf9a84e3-4394-43d7-a60a-ffb133e53696"
          ],
          "failures": [],
          "pending": [],
          "skipped": [],
          "duration": 66,
          "root": false,
          "rootEmpty": false,
          "_timeout": 2000
        },
        {
          "uuid": "3ac220f7-332d-4db1-b110-963fe8cf6334",
          "title": "Cors middleware",
          "fullFile": "D:\\mock-user-auth\\test\\cors.spec.js",
          "file": "\\test\\cors.spec.js",
          "beforeHooks": [],
          "afterHooks": [],
          "tests": [
            {
              "title": "It should return 200",
              "fullTitle": "Cors middleware It should return 200",
              "timedOut": false,
              "duration": 1,
              "state": "passed",
              "speed": "fast",
              "pass": true,
              "fail": false,
              "pending": false,
              "context": null,
              "code": "_chai[\"default\"].request(_www.server).options('/api/v1/').end(function (err, res) {\n  expect(res.statusCode).to.equal(200);\n});",
              "err": {},
              "uuid": "b02cbe5f-558e-418d-9c87-b607f3755164",
              "parentUUID": "3ac220f7-332d-4db1-b110-963fe8cf6334",
              "isHook": false,
              "skipped": false
            },
            {
              "title": "It should pass request",
              "fullTitle": "Cors middleware It should pass request",
              "timedOut": false,
              "duration": 1,
              "state": "passed",
              "speed": "fast",
              "pass": true,
              "fail": false,
              "pending": false,
              "context": null,
              "code": "_chai[\"default\"].request(_www.server).get('/api/v1/').end(function (err, res) {\n  expect(res.statusCode).to.equal(404);\n});",
              "err": {},
              "uuid": "f627ddc4-7a28-429d-8976-389cc2b3a30e",
              "parentUUID": "3ac220f7-332d-4db1-b110-963fe8cf6334",
              "isHook": false,
              "skipped": false
            }
          ],
          "suites": [],
          "passes": [
            "b02cbe5f-558e-418d-9c87-b607f3755164",
            "f627ddc4-7a28-429d-8976-389cc2b3a30e"
          ],
          "failures": [],
          "pending": [],
          "skipped": [],
          "duration": 2,
          "root": false,
          "rootEmpty": false,
          "_timeout": 2000
        },
        {
          "uuid": "c942805b-3bc3-4f9b-830d-12e329afa633",
          "title": "WWW server",
          "fullFile": "D:\\mock-user-auth\\test\\www.spec.js",
          "file": "\\test\\www.spec.js",
          "beforeHooks": [],
          "afterHooks": [],
          "tests": [],
          "suites": [
            {
              "uuid": "32b8e678-0c3e-40af-8e37-705be5b3385b",
              "title": "NormalizePort Function",
              "fullFile": "D:\\mock-user-auth\\test\\www.spec.js",
              "file": "\\test\\www.spec.js",
              "beforeHooks": [],
              "afterHooks": [],
              "tests": [
                {
                  "title": "It should return 3001 port",
                  "fullTitle": "WWW server NormalizePort Function It should return 3001 port",
                  "timedOut": false,
                  "duration": 1,
                  "state": "passed",
                  "speed": "fast",
                  "pass": true,
                  "fail": false,
                  "pending": false,
                  "context": null,
                  "code": "var port = (0, _www.normalizePort)();\nexpect(port).to.be.a('number');\nexpect(port).to.equal(3001);",
                  "err": {},
                  "uuid": "eb522234-6c51-497b-af57-194edc46c176",
                  "parentUUID": "32b8e678-0c3e-40af-8e37-705be5b3385b",
                  "isHook": false,
                  "skipped": false
                },
                {
                  "title": "It should return false",
                  "fullTitle": "WWW server NormalizePort Function It should return false",
                  "timedOut": false,
                  "duration": 0,
                  "state": "passed",
                  "speed": "fast",
                  "pass": true,
                  "fail": false,
                  "pending": false,
                  "context": null,
                  "code": "process.env.NODE_ENV = 'default';\nvar port = (0, _www.normalizePort)(-3001);\nexpect(port).to.equal(false);",
                  "err": {},
                  "uuid": "6a7a6b08-d7a5-479e-a675-2ca086af2e57",
                  "parentUUID": "32b8e678-0c3e-40af-8e37-705be5b3385b",
                  "isHook": false,
                  "skipped": false
                },
                {
                  "title": "It should return number",
                  "fullTitle": "WWW server NormalizePort Function It should return number",
                  "timedOut": false,
                  "duration": 0,
                  "state": "passed",
                  "speed": "fast",
                  "pass": true,
                  "fail": false,
                  "pending": false,
                  "context": null,
                  "code": "after(function () {\n  process.env.NODE_ENV = 'test';\n});\nprocess.env.NODE_ENV = 'default';\nvar port = (0, _www.normalizePort)('4500');\nexpect(port).to.be.a('number');\nexpect(port).to.equal(4500);",
                  "err": {},
                  "uuid": "1e1cfae2-1600-4cc7-9002-d343c2d7de83",
                  "parentUUID": "32b8e678-0c3e-40af-8e37-705be5b3385b",
                  "isHook": false,
                  "skipped": false
                },
                {
                  "title": "It should return isNaN",
                  "fullTitle": "WWW server NormalizePort Function It should return isNaN",
                  "timedOut": false,
                  "duration": 0,
                  "state": "passed",
                  "speed": "fast",
                  "pass": true,
                  "fail": false,
                  "pending": false,
                  "context": null,
                  "code": "after(function () {\n  process.env.NODE_ENV = 'test';\n});\nprocess.env.NODE_ENV = 'default';\nvar port = (0, _www.normalizePort)('isNaN');\nexpect(port).not.be.a('number');\nexpect(port).to.equal('isNaN');",
                  "err": {},
                  "uuid": "3a14ecc5-de5b-470f-a940-d30e5275bf7a",
                  "parentUUID": "32b8e678-0c3e-40af-8e37-705be5b3385b",
                  "isHook": false,
                  "skipped": false
                }
              ],
              "suites": [],
              "passes": [
                "eb522234-6c51-497b-af57-194edc46c176",
                "6a7a6b08-d7a5-479e-a675-2ca086af2e57",
                "1e1cfae2-1600-4cc7-9002-d343c2d7de83",
                "3a14ecc5-de5b-470f-a940-d30e5275bf7a"
              ],
              "failures": [],
              "pending": [],
              "skipped": [],
              "duration": 1,
              "root": false,
              "rootEmpty": false,
              "_timeout": 2000
            },
            {
              "uuid": "6847a7c4-9260-44c2-b974-abe499fafed2",
              "title": "OnError Function",
              "fullFile": "D:\\mock-user-auth\\test\\www.spec.js",
              "file": "\\test\\www.spec.js",
              "beforeHooks": [],
              "afterHooks": [],
              "tests": [
                {
                  "title": "It should throw exception",
                  "fullTitle": "WWW server OnError Function It should throw exception",
                  "timedOut": false,
                  "duration": 1,
                  "state": "passed",
                  "speed": "fast",
                  "pass": true,
                  "fail": false,
                  "pending": false,
                  "context": null,
                  "code": "try {\n  expect((0, _www.onError)({\n    syscall: 'isNotSyscall'\n  })).to[\"throw\"]();\n} catch (err) {\n  expect(err).to.be.a('Object');\n  expect(err.syscall).to.equal('isNotSyscall');\n}",
                  "err": {},
                  "uuid": "c81bb06c-7068-4adf-9711-48edefb8128c",
                  "parentUUID": "6847a7c4-9260-44c2-b974-abe499fafed2",
                  "isHook": false,
                  "skipped": false
                },
                {
                  "title": "It should catch default error",
                  "fullTitle": "WWW server OnError Function It should catch default error",
                  "timedOut": false,
                  "duration": 0,
                  "state": "passed",
                  "speed": "fast",
                  "pass": true,
                  "fail": false,
                  "pending": false,
                  "context": null,
                  "code": "try {\n  expect((0, _www.onError)({\n    syscall: 'listen',\n    code: 'Default'\n  })).to[\"throw\"]();\n} catch (err) {\n  expect(err).to.be.a('Object');\n  expect(err.code).to.equal('Default');\n}",
                  "err": {},
                  "uuid": "4998b831-13fa-4de5-a4da-81b0bf1924db",
                  "parentUUID": "6847a7c4-9260-44c2-b974-abe499fafed2",
                  "isHook": false,
                  "skipped": false
                }
              ],
              "suites": [],
              "passes": [
                "c81bb06c-7068-4adf-9711-48edefb8128c",
                "4998b831-13fa-4de5-a4da-81b0bf1924db"
              ],
              "failures": [],
              "pending": [],
              "skipped": [],
              "duration": 1,
              "root": false,
              "rootEmpty": false,
              "_timeout": 2000
            }
          ],
          "passes": [],
          "failures": [],
          "pending": [],
          "skipped": [],
          "duration": 0,
          "root": false,
          "rootEmpty": false,
          "_timeout": 2000
        }
      ],
      "passes": [],
      "failures": [],
      "pending": [],
      "skipped": [],
      "duration": 0,
      "root": true,
      "rootEmpty": true,
      "_timeout": 2000
    }
  ],
  "meta": {
    "mocha": {
      "version": "6.1.2"
    },
    "mochawesome": {
      "options": {
        "quiet": true,
        "reportFilename": "mochawesome",
        "saveHtml": true,
        "saveJson": true,
        "consoleReporter": "spec",
        "useInlineDiffs": false,
        "code": true
      },
      "version": "7.1.3"
    },
    "marge": {
      "options": {
        "id": "default",
        "reportDir": "reports",
        "reportFilename": "mochawesome",
        "quiet": true,
        "overwrite": false,
        "html": true,
        "json": true
      },
      "version": "6.2.0"
    }
  }
}