{
  "stats": {
    "suites": 5,
    "tests": 19,
    "passes": 17,
    "pending": 0,
    "failures": 2,
    "start": "2024-07-11T20:05:44.872Z",
    "end": "2024-07-11T20:05:45.125Z",
    "duration": 253,
    "testsRegistered": 19,
    "passPercent": 89.47368421052632,
    "pendingPercent": 0,
    "other": 0,
    "hasOther": false,
    "skipped": 0,
    "hasSkipped": false
  },
  "results": [
    {
      "uuid": "762ac474-0193-4a07-90fd-8282218d054e",
      "title": "",
      "fullFile": "",
      "file": "",
      "beforeHooks": [],
      "afterHooks": [
        {
          "title": "\"after all\" hook",
          "fullTitle": "\"after all\" hook",
          "timedOut": false,
          "duration": 0,
          "state": null,
          "speed": null,
          "pass": false,
          "fail": false,
          "pending": false,
          "context": null,
          "code": "process.env.NODE_ENV = 'test';",
          "err": {},
          "uuid": "a14d03ae-14ba-4452-b016-fb8808551174",
          "parentUUID": "762ac474-0193-4a07-90fd-8282218d054e",
          "isHook": true,
          "skipped": false
        },
        {
          "title": "\"after all\" hook",
          "fullTitle": "\"after all\" hook",
          "timedOut": false,
          "duration": 0,
          "state": null,
          "speed": null,
          "pass": false,
          "fail": false,
          "pending": false,
          "context": null,
          "code": "process.env.NODE_ENV = 'test';",
          "err": {},
          "uuid": "f07cab0d-1086-421e-b824-d0e6067d00f5",
          "parentUUID": "762ac474-0193-4a07-90fd-8282218d054e",
          "isHook": true,
          "skipped": false
        }
      ],
      "tests": [],
      "suites": [
        {
          "uuid": "c8154bbe-39b3-4e14-b33b-fb1f5ae9a286",
          "title": "API Routes",
          "fullFile": "D:\\mock-user-auth\\test\\auth.spec.js",
          "file": "\\test\\auth.spec.js",
          "beforeHooks": [
            {
              "title": "\"before all\" hook",
              "fullTitle": "API Routes \"before all\" hook",
              "timedOut": false,
              "duration": 60,
              "state": null,
              "speed": null,
              "pass": false,
              "fail": false,
              "pending": false,
              "context": null,
              "code": "var t = this, e = arguments; return new Promise(function (r, o) { var a = n.apply(t, e); function _next(n) { asyncGeneratorStep(a, r, o, _next, _throw, \"next\", n); } function _throw(n) { asyncGeneratorStep(a, r, o, _next, _throw, \"throw\", n); } _next(void 0); });",
              "err": {},
              "uuid": "ba7da004-bf8f-4c55-afce-9c6c64469880",
              "parentUUID": "c8154bbe-39b3-4e14-b33b-fb1f5ae9a286",
              "isHook": true,
              "skipped": false
            }
          ],
          "afterHooks": [],
          "tests": [
            {
              "title": "should authenticate a user",
              "fullTitle": "API Routes should authenticate a user",
              "timedOut": false,
              "duration": 8,
              "state": "passed",
              "speed": "fast",
              "pass": true,
              "fail": false,
              "pending": false,
              "context": null,
              "code": "var t = this, e = arguments; return new Promise(function (r, o) { var a = n.apply(t, e); function _next(n) { asyncGeneratorStep(a, r, o, _next, _throw, \"next\", n); } function _throw(n) { asyncGeneratorStep(a, r, o, _next, _throw, \"throw\", n); } _next(void 0); });",
              "err": {},
              "uuid": "4f8cbf9f-eb40-4e7c-8950-e0a9d818155f",
              "parentUUID": "c8154bbe-39b3-4e14-b33b-fb1f5ae9a286",
              "isHook": false,
              "skipped": false
            },
            {
              "title": "should fail to authenticate a user with incorrect credentials",
              "fullTitle": "API Routes should fail to authenticate a user with incorrect credentials",
              "timedOut": false,
              "duration": 4,
              "state": "passed",
              "speed": "fast",
              "pass": true,
              "fail": false,
              "pending": false,
              "context": null,
              "code": "var t = this, e = arguments; return new Promise(function (r, o) { var a = n.apply(t, e); function _next(n) { asyncGeneratorStep(a, r, o, _next, _throw, \"next\", n); } function _throw(n) { asyncGeneratorStep(a, r, o, _next, _throw, \"throw\", n); } _next(void 0); });",
              "err": {},
              "uuid": "e6a1b835-4bda-45f1-8bfb-37206a8742d9",
              "parentUUID": "c8154bbe-39b3-4e14-b33b-fb1f5ae9a286",
              "isHook": false,
              "skipped": false
            },
            {
              "title": "should register a new user",
              "fullTitle": "API Routes should register a new user",
              "timedOut": false,
              "duration": 7,
              "state": "failed",
              "speed": null,
              "pass": false,
              "fail": true,
              "pending": false,
              "context": null,
              "code": "var t = this, e = arguments; return new Promise(function (r, o) { var a = n.apply(t, e); function _next(n) { asyncGeneratorStep(a, r, o, _next, _throw, \"next\", n); } function _throw(n) { asyncGeneratorStep(a, r, o, _next, _throw, \"throw\", n); } _next(void 0); });",
              "err": {
                "message": "AssertionError: expected { Object (message) } to have property 'token'",
                "estack": "AssertionError: expected { Object (message) } to have property 'token'\n    at call (test\\/auth.spec.js:51:35)\n    at tryCatch (test\\/auth.spec.js:2:1)\n    at Generator._invoke (test\\/auth.spec.js:2:1)\n    at Generator.next (test\\/auth.spec.js:2:1)\n    at asyncGeneratorStep (test\\/auth.spec.js:2:1)\n    at _next (test\\/auth.spec.js:2:1)\n    at processTicksAndRejections (internal/process/task_queues.js:86:5)",
                "diff": null
              },
              "uuid": "39988082-1990-4668-898a-ac9b52522396",
              "parentUUID": "c8154bbe-39b3-4e14-b33b-fb1f5ae9a286",
              "isHook": false,
              "skipped": false
            },
            {
              "title": "should fail to register an existing user",
              "fullTitle": "API Routes should fail to register an existing user",
              "timedOut": false,
              "duration": 4,
              "state": "passed",
              "speed": "fast",
              "pass": true,
              "fail": false,
              "pending": false,
              "context": null,
              "code": "var t = this, e = arguments; return new Promise(function (r, o) { var a = n.apply(t, e); function _next(n) { asyncGeneratorStep(a, r, o, _next, _throw, \"next\", n); } function _throw(n) { asyncGeneratorStep(a, r, o, _next, _throw, \"throw\", n); } _next(void 0); });",
              "err": {},
              "uuid": "46e798bf-d07d-48dd-a8c0-4afe59abbcf2",
              "parentUUID": "c8154bbe-39b3-4e14-b33b-fb1f5ae9a286",
              "isHook": false,
              "skipped": false
            },
            {
              "title": "should get user data",
              "fullTitle": "API Routes should get user data",
              "timedOut": false,
              "duration": 10,
              "state": "passed",
              "speed": "fast",
              "pass": true,
              "fail": false,
              "pending": false,
              "context": null,
              "code": "var t = this, e = arguments; return new Promise(function (r, o) { var a = n.apply(t, e); function _next(n) { asyncGeneratorStep(a, r, o, _next, _throw, \"next\", n); } function _throw(n) { asyncGeneratorStep(a, r, o, _next, _throw, \"throw\", n); } _next(void 0); });",
              "err": {},
              "uuid": "536e2055-4e7e-4daa-a18f-065a3a538aac",
              "parentUUID": "c8154bbe-39b3-4e14-b33b-fb1f5ae9a286",
              "isHook": false,
              "skipped": false
            },
            {
              "title": "should fail to get user data with invalid token",
              "fullTitle": "API Routes should fail to get user data with invalid token",
              "timedOut": false,
              "duration": 4,
              "state": "passed",
              "speed": "fast",
              "pass": true,
              "fail": false,
              "pending": false,
              "context": null,
              "code": "var t = this, e = arguments; return new Promise(function (r, o) { var a = n.apply(t, e); function _next(n) { asyncGeneratorStep(a, r, o, _next, _throw, \"next\", n); } function _throw(n) { asyncGeneratorStep(a, r, o, _next, _throw, \"throw\", n); } _next(void 0); });",
              "err": {},
              "uuid": "ec67101f-375b-46b9-ac7e-1b0a3f44aadb",
              "parentUUID": "c8154bbe-39b3-4e14-b33b-fb1f5ae9a286",
              "isHook": false,
              "skipped": false
            },
            {
              "title": "should update user data",
              "fullTitle": "API Routes should update user data",
              "timedOut": false,
              "duration": 10,
              "state": "passed",
              "speed": "fast",
              "pass": true,
              "fail": false,
              "pending": false,
              "context": null,
              "code": "var t = this, e = arguments; return new Promise(function (r, o) { var a = n.apply(t, e); function _next(n) { asyncGeneratorStep(a, r, o, _next, _throw, \"next\", n); } function _throw(n) { asyncGeneratorStep(a, r, o, _next, _throw, \"throw\", n); } _next(void 0); });",
              "err": {},
              "uuid": "0bc0cdb3-ee18-4835-b889-ad775eaf8013",
              "parentUUID": "c8154bbe-39b3-4e14-b33b-fb1f5ae9a286",
              "isHook": false,
              "skipped": false
            },
            {
              "title": "should delete a user",
              "fullTitle": "API Routes should delete a user",
              "timedOut": false,
              "duration": 42,
              "state": "failed",
              "speed": null,
              "pass": false,
              "fail": true,
              "pending": false,
              "context": null,
              "code": "var t = this, e = arguments; return new Promise(function (r, o) { var a = n.apply(t, e); function _next(n) { asyncGeneratorStep(a, r, o, _next, _throw, \"next\", n); } function _throw(n) { asyncGeneratorStep(a, r, o, _next, _throw, \"throw\", n); } _next(void 0); });",
              "err": {
                "message": "AssertionError: expected 500 to equal 200",
                "estack": "AssertionError: expected 500 to equal 200\n    at call (test\\/auth.spec.js:118:32)\n    at tryCatch (test\\/auth.spec.js:2:1)\n    at Generator._invoke (test\\/auth.spec.js:2:1)\n    at Generator.next (test\\/auth.spec.js:2:1)\n    at asyncGeneratorStep (test\\/auth.spec.js:2:1)\n    at _next (test\\/auth.spec.js:2:1)\n    at processTicksAndRejections (internal/process/task_queues.js:86:5)",
                "diff": "- 500\n+ 200\n"
              },
              "uuid": "bcdc1c16-9b90-41df-a8ac-01a4784ca51d",
              "parentUUID": "c8154bbe-39b3-4e14-b33b-fb1f5ae9a286",
              "isHook": false,
              "skipped": false
            },
            {
              "title": "should fail to delete a user with invalid token",
              "fullTitle": "API Routes should fail to delete a user with invalid token",
              "timedOut": false,
              "duration": 4,
              "state": "passed",
              "speed": "fast",
              "pass": true,
              "fail": false,
              "pending": false,
              "context": null,
              "code": "var t = this, e = arguments; return new Promise(function (r, o) { var a = n.apply(t, e); function _next(n) { asyncGeneratorStep(a, r, o, _next, _throw, \"next\", n); } function _throw(n) { asyncGeneratorStep(a, r, o, _next, _throw, \"throw\", n); } _next(void 0); });",
              "err": {},
              "uuid": "5280efcc-6da6-4246-8071-ae2d85ad01aa",
              "parentUUID": "c8154bbe-39b3-4e14-b33b-fb1f5ae9a286",
              "isHook": false,
              "skipped": false
            },
            {
              "title": "should delete all users with correct admin key",
              "fullTitle": "API Routes should delete all users with correct admin key",
              "timedOut": false,
              "duration": 6,
              "state": "passed",
              "speed": "fast",
              "pass": true,
              "fail": false,
              "pending": false,
              "context": null,
              "code": "var t = this, e = arguments; return new Promise(function (r, o) { var a = n.apply(t, e); function _next(n) { asyncGeneratorStep(a, r, o, _next, _throw, \"next\", n); } function _throw(n) { asyncGeneratorStep(a, r, o, _next, _throw, \"throw\", n); } _next(void 0); });",
              "err": {},
              "uuid": "d0f7d7a0-274d-47d4-95e7-eafa4f79a337",
              "parentUUID": "c8154bbe-39b3-4e14-b33b-fb1f5ae9a286",
              "isHook": false,
              "skipped": false
            },
            {
              "title": "should fail to delete all users with incorrect admin key",
              "fullTitle": "API Routes should fail to delete all users with incorrect admin key",
              "timedOut": false,
              "duration": 5,
              "state": "passed",
              "speed": "fast",
              "pass": true,
              "fail": false,
              "pending": false,
              "context": null,
              "code": "var t = this, e = arguments; return new Promise(function (r, o) { var a = n.apply(t, e); function _next(n) { asyncGeneratorStep(a, r, o, _next, _throw, \"next\", n); } function _throw(n) { asyncGeneratorStep(a, r, o, _next, _throw, \"throw\", n); } _next(void 0); });",
              "err": {},
              "uuid": "c9fa5939-1f58-4fda-bf30-c37c567b89db",
              "parentUUID": "c8154bbe-39b3-4e14-b33b-fb1f5ae9a286",
              "isHook": false,
              "skipped": false
            }
          ],
          "suites": [],
          "passes": [
            "4f8cbf9f-eb40-4e7c-8950-e0a9d818155f",
            "e6a1b835-4bda-45f1-8bfb-37206a8742d9",
            "46e798bf-d07d-48dd-a8c0-4afe59abbcf2",
            "536e2055-4e7e-4daa-a18f-065a3a538aac",
            "ec67101f-375b-46b9-ac7e-1b0a3f44aadb",
            "0bc0cdb3-ee18-4835-b889-ad775eaf8013",
            "5280efcc-6da6-4246-8071-ae2d85ad01aa",
            "d0f7d7a0-274d-47d4-95e7-eafa4f79a337",
            "c9fa5939-1f58-4fda-bf30-c37c567b89db"
          ],
          "failures": [
            "39988082-1990-4668-898a-ac9b52522396",
            "bcdc1c16-9b90-41df-a8ac-01a4784ca51d"
          ],
          "pending": [],
          "skipped": [],
          "duration": 104,
          "root": false,
          "rootEmpty": false,
          "_timeout": 2000
        },
        {
          "uuid": "dfadbefe-26dc-4d47-9758-9f08ee843426",
          "title": "Cors middleware",
          "fullFile": "D:\\mock-user-auth\\test\\cors.spec.js",
          "file": "\\test\\cors.spec.js",
          "beforeHooks": [],
          "afterHooks": [],
          "tests": [
            {
              "title": "It should return 200",
              "fullTitle": "Cors middleware It should return 200",
              "timedOut": false,
              "duration": 2,
              "state": "passed",
              "speed": "fast",
              "pass": true,
              "fail": false,
              "pending": false,
              "context": null,
              "code": "_chai[\"default\"].request(_www.server).options('/api/v1/').end(function (err, res) {\n  expect(res.statusCode).to.equal(200);\n});",
              "err": {},
              "uuid": "1d06584c-9910-476c-8f21-86679f6c9589",
              "parentUUID": "dfadbefe-26dc-4d47-9758-9f08ee843426",
              "isHook": false,
              "skipped": false
            },
            {
              "title": "It should pass request",
              "fullTitle": "Cors middleware It should pass request",
              "timedOut": false,
              "duration": 2,
              "state": "passed",
              "speed": "fast",
              "pass": true,
              "fail": false,
              "pending": false,
              "context": null,
              "code": "_chai[\"default\"].request(_www.server).get('/api/v1/').end(function (err, res) {\n  expect(res.statusCode).to.equal(404);\n});",
              "err": {},
              "uuid": "01cb3868-26e9-4ad9-8d40-6240c8aa6b64",
              "parentUUID": "dfadbefe-26dc-4d47-9758-9f08ee843426",
              "isHook": false,
              "skipped": false
            }
          ],
          "suites": [],
          "passes": [
            "1d06584c-9910-476c-8f21-86679f6c9589",
            "01cb3868-26e9-4ad9-8d40-6240c8aa6b64"
          ],
          "failures": [],
          "pending": [],
          "skipped": [],
          "duration": 4,
          "root": false,
          "rootEmpty": false,
          "_timeout": 2000
        },
        {
          "uuid": "3fd35def-abdd-4fc6-897d-a4562c365475",
          "title": "WWW server",
          "fullFile": "D:\\mock-user-auth\\test\\www.spec.js",
          "file": "\\test\\www.spec.js",
          "beforeHooks": [],
          "afterHooks": [],
          "tests": [],
          "suites": [
            {
              "uuid": "dd09925d-1912-4e82-abe7-29d5260abedd",
              "title": "NormalizePort Function",
              "fullFile": "D:\\mock-user-auth\\test\\www.spec.js",
              "file": "\\test\\www.spec.js",
              "beforeHooks": [],
              "afterHooks": [],
              "tests": [
                {
                  "title": "It should return 3001 port",
                  "fullTitle": "WWW server NormalizePort Function It should return 3001 port",
                  "timedOut": false,
                  "duration": 1,
                  "state": "passed",
                  "speed": "fast",
                  "pass": true,
                  "fail": false,
                  "pending": false,
                  "context": null,
                  "code": "var port = (0, _www.normalizePort)();\nexpect(port).to.be.a('number');\nexpect(port).to.equal(3001);",
                  "err": {},
                  "uuid": "6a364a22-6bdd-4e38-8d34-d2e98a90c84d",
                  "parentUUID": "dd09925d-1912-4e82-abe7-29d5260abedd",
                  "isHook": false,
                  "skipped": false
                },
                {
                  "title": "It should return false",
                  "fullTitle": "WWW server NormalizePort Function It should return false",
                  "timedOut": false,
                  "duration": 0,
                  "state": "passed",
                  "speed": "fast",
                  "pass": true,
                  "fail": false,
                  "pending": false,
                  "context": null,
                  "code": "process.env.NODE_ENV = 'default';\nvar port = (0, _www.normalizePort)(-3001);\nexpect(port).to.equal(false);",
                  "err": {},
                  "uuid": "d4d1c3b1-ec64-497e-a6d6-74c18294ebc8",
                  "parentUUID": "dd09925d-1912-4e82-abe7-29d5260abedd",
                  "isHook": false,
                  "skipped": false
                },
                {
                  "title": "It should return number",
                  "fullTitle": "WWW server NormalizePort Function It should return number",
                  "timedOut": false,
                  "duration": 0,
                  "state": "passed",
                  "speed": "fast",
                  "pass": true,
                  "fail": false,
                  "pending": false,
                  "context": null,
                  "code": "after(function () {\n  process.env.NODE_ENV = 'test';\n});\nprocess.env.NODE_ENV = 'default';\nvar port = (0, _www.normalizePort)('4500');\nexpect(port).to.be.a('number');\nexpect(port).to.equal(4500);",
                  "err": {},
                  "uuid": "22691a2d-6069-422c-ad58-587052e11fae",
                  "parentUUID": "dd09925d-1912-4e82-abe7-29d5260abedd",
                  "isHook": false,
                  "skipped": false
                },
                {
                  "title": "It should return isNaN",
                  "fullTitle": "WWW server NormalizePort Function It should return isNaN",
                  "timedOut": false,
                  "duration": 0,
                  "state": "passed",
                  "speed": "fast",
                  "pass": true,
                  "fail": false,
                  "pending": false,
                  "context": null,
                  "code": "after(function () {\n  process.env.NODE_ENV = 'test';\n});\nprocess.env.NODE_ENV = 'default';\nvar port = (0, _www.normalizePort)('isNaN');\nexpect(port).not.be.a('number');\nexpect(port).to.equal('isNaN');",
                  "err": {},
                  "uuid": "1c896f1f-64b8-44dc-881c-4f0979db50e7",
                  "parentUUID": "dd09925d-1912-4e82-abe7-29d5260abedd",
                  "isHook": false,
                  "skipped": false
                }
              ],
              "suites": [],
              "passes": [
                "6a364a22-6bdd-4e38-8d34-d2e98a90c84d",
                "d4d1c3b1-ec64-497e-a6d6-74c18294ebc8",
                "22691a2d-6069-422c-ad58-587052e11fae",
                "1c896f1f-64b8-44dc-881c-4f0979db50e7"
              ],
              "failures": [],
              "pending": [],
              "skipped": [],
              "duration": 1,
              "root": false,
              "rootEmpty": false,
              "_timeout": 2000
            },
            {
              "uuid": "ebfea9ed-7fa0-42b2-ae85-a8da13ee321e",
              "title": "OnError Function",
              "fullFile": "D:\\mock-user-auth\\test\\www.spec.js",
              "file": "\\test\\www.spec.js",
              "beforeHooks": [],
              "afterHooks": [],
              "tests": [
                {
                  "title": "It should throw exception",
                  "fullTitle": "WWW server OnError Function It should throw exception",
                  "timedOut": false,
                  "duration": 0,
                  "state": "passed",
                  "speed": "fast",
                  "pass": true,
                  "fail": false,
                  "pending": false,
                  "context": null,
                  "code": "try {\n  expect((0, _www.onError)({\n    syscall: 'isNotSyscall'\n  })).to[\"throw\"]();\n} catch (err) {\n  expect(err).to.be.a('Object');\n  expect(err.syscall).to.equal('isNotSyscall');\n}",
                  "err": {},
                  "uuid": "d6033a3a-29f8-4931-8764-89bb8a95eeae",
                  "parentUUID": "ebfea9ed-7fa0-42b2-ae85-a8da13ee321e",
                  "isHook": false,
                  "skipped": false
                },
                {
                  "title": "It should catch default error",
                  "fullTitle": "WWW server OnError Function It should catch default error",
                  "timedOut": false,
                  "duration": 1,
                  "state": "passed",
                  "speed": "fast",
                  "pass": true,
                  "fail": false,
                  "pending": false,
                  "context": null,
                  "code": "try {\n  expect((0, _www.onError)({\n    syscall: 'listen',\n    code: 'Default'\n  })).to[\"throw\"]();\n} catch (err) {\n  expect(err).to.be.a('Object');\n  expect(err.code).to.equal('Default');\n}",
                  "err": {},
                  "uuid": "6807e1ca-608f-407c-84d4-d74f97a1577d",
                  "parentUUID": "ebfea9ed-7fa0-42b2-ae85-a8da13ee321e",
                  "isHook": false,
                  "skipped": false
                }
              ],
              "suites": [],
              "passes": [
                "d6033a3a-29f8-4931-8764-89bb8a95eeae",
                "6807e1ca-608f-407c-84d4-d74f97a1577d"
              ],
              "failures": [],
              "pending": [],
              "skipped": [],
              "duration": 1,
              "root": false,
              "rootEmpty": false,
              "_timeout": 2000
            }
          ],
          "passes": [],
          "failures": [],
          "pending": [],
          "skipped": [],
          "duration": 0,
          "root": false,
          "rootEmpty": false,
          "_timeout": 2000
        }
      ],
      "passes": [],
      "failures": [],
      "pending": [],
      "skipped": [],
      "duration": 0,
      "root": true,
      "rootEmpty": true,
      "_timeout": 2000
    }
  ],
  "meta": {
    "mocha": {
      "version": "6.1.2"
    },
    "mochawesome": {
      "options": {
        "quiet": true,
        "reportFilename": "mochawesome",
        "saveHtml": true,
        "saveJson": true,
        "consoleReporter": "spec",
        "useInlineDiffs": false,
        "code": true
      },
      "version": "7.1.3"
    },
    "marge": {
      "options": {
        "id": "default",
        "reportDir": "reports",
        "reportFilename": "mochawesome",
        "quiet": true,
        "overwrite": false,
        "html": true,
        "json": true
      },
      "version": "6.2.0"
    }
  }
}